2022-09-28T09:45:43.938+0800	ERROR	controller/user.go:18	BindJSON fail	{"error": "Key: 'SignUpInput.Email' Error:Field validation for 'Email' failed on the 'required' tag\nKey: 'SignUpInput.Age' Error:Field validation for 'Age' failed on the 'gte' tag"}
2022-09-28T09:46:13.746+0800	ERROR	controller/user.go:18	BindJSON fail	{"error": "Key: 'SignUpInput.Email' Error:Field validation for 'Email' failed on the 'required' tag"}
2022-09-28T09:46:19.159+0800	ERROR	controller/user.go:18	BindJSON fail	{"error": "Key: 'SignUpInput.Email' Error:Field validation for 'Email' failed on the 'email' tag"}
2022-09-29T10:00:54.438+0800	[31mERROR[0m	bluebell/controller.SignUpHandler:29	SignUp fail	{"error": "user:zpj exist", "errorVerbose": "user:zpj exist\nbluebell/logic.SignUp\n\t/home/zpj/data/bluebell/logic/user.go:18\nbluebell/controller.SignUpHandler\n\t/home/zpj/data/bluebell/controller/user.go:28\ngithub.com/gin-gonic/gin.(*Context).Next\n\t/home/zpj/go/pkg/mod/github.com/gin-gonic/gin@v1.8.1/context.go:173\nbluebell/logger.GinRecovery.func1\n\t/home/zpj/data/bluebell/logger/logger.go:190\ngithub.com/gin-gonic/gin.(*Context).Next\n\t/home/zpj/go/pkg/mod/github.com/gin-gonic/gin@v1.8.1/context.go:173\nbluebell/logger.GinLogger.func1\n\t/home/zpj/data/bluebell/logger/logger.go:131\ngithub.com/gin-gonic/gin.(*Context).Next\n\t/home/zpj/go/pkg/mod/github.com/gin-gonic/gin@v1.8.1/context.go:173\ngithub.com/gin-gonic/gin.(*Engine).handleHTTPRequest\n\t/home/zpj/go/pkg/mod/github.com/gin-gonic/gin@v1.8.1/gin.go:616\ngithub.com/gin-gonic/gin.(*Engine).ServeHTTP\n\t/home/zpj/go/pkg/mod/github.com/gin-gonic/gin@v1.8.1/gin.go:572\nnet/http.serverHandler.ServeHTTP\n\t/home/zpj/.gvm/gos/go1.18.3/src/net/http/server.go:2916\nnet/http.(*conn).serve\n\t/home/zpj/.gvm/gos/go1.18.3/src/net/http/server.go:1966\nruntime.goexit\n\t/home/zpj/.gvm/gos/go1.18.3/src/runtime/asm_amd64.s:1571"}
2022-09-29T10:03:37.289+0800	[31mERROR[0m	bluebell/controller.SignUpHandler:29	SignUp fail	{"error": "user:zpj exist"}
2022-09-29T10:04:12.860+0800	[31mERROR[0m	bluebell/controller.SignUpHandler:29	SignUp fail	{"error": "user:zpj exist"}
2022-09-29T10:06:02.804+0800	[31mERROR[0m	bluebell/controller.SignUpHandler:29	SignUp fail	{"error": "user:zpj exist"}
2022-10-02T22:42:09.822+0800	[31mERROR[0m	github.com/xjian2021/bluebell/controller.SignUpHandler:29	SignUp fail	{"error": "AddUser newUser:{UserID:2396330836103168 Username:zph Password:123456\ufffd\u001d\ufffdÙ\u0000\ufffd\u0004\ufffd\ufffd\t\ufffd\ufffd\ufffdB~ Email:123@qq.com Gender:} err:Error 1366: Incorrect string value: '\\xD4\\x1D\\x8C\\xD9\\x8F\\x00...' for column 'password' at row 1"}
2022-10-03T15:36:23.065+0800	[31mERROR[0m	github.com/xjian2021/bluebell/controller.HandleError:36	/sign-up-1 -> handler fail err:ç”¨æˆ·å·²å­˜åœ¨
2022-10-03T15:36:50.492+0800	[31mERROR[0m	github.com/xjian2021/bluebell/controller.HandleError:36	/sign-up-2 -> handler fail err:ç”¨æˆ·å·²å­˜åœ¨
2022-10-03T15:40:06.428+0800	[31mERROR[0m	github.com/xjian2021/bluebell/controller.LoginHandler:27	/login::1 -> BindJSON fail err:invalid character '}' looking for beginning of object key string
2022-10-03T15:40:18.862+0800	[31mERROR[0m	github.com/xjian2021/bluebell/controller.HandleOutput:53	/login::2 -> handler fail err:nil pointer passed to StructScan destination
2022-10-03T15:42:08.664+0800	[31mERROR[0m	github.com/xjian2021/bluebell/controller.HandleOutput:53	/login::1 -> handler fail err:scannable dest type ptr with >1 columns (3) in result
2022-10-03T15:43:55.594+0800	[31mERROR[0m	github.com/xjian2021/bluebell/controller.HandleOutput:53	/login::1 -> handler fail err:expected slice but got ptr
2022-10-03T15:48:39.344+0800	[31mERROR[0m	github.com/xjian2021/bluebell/controller.HandleOutput:53	/login::1 -> handler fail err:scannable dest type ptr with >1 columns (3) in result
2022-10-03T15:51:06.715+0800	[31mERROR[0m	github.com/xjian2021/bluebell/controller.HandleOutput:53	/login::1 -> handler fail err:å¯†ç é”™è¯¯
2022-10-03T15:51:47.898+0800	[31mERROR[0m	github.com/xjian2021/bluebell/controller.HandleOutput:53	/login::1 -> handler fail err:å¯†ç é”™è¯¯
2022-10-03T20:38:58.756+0800	[31mERROR[0m	github.com/xjian2021/bluebell/controller.HandleError:36	/sign-up::1 -> handler fail err:ç”¨æˆ·å·²å­˜åœ¨
2022-10-03T20:39:42.074+0800	[31mERROR[0m	github.com/xjian2021/bluebell/controller.HandleOutput:53	/login::2 -> handler fail err:å¯†ç é”™è¯¯
2022-10-03T20:48:54.573+0800	[31mERROR[0m	github.com/xjian2021/bluebell/controller.HandleOutput:53	/login::1 -> handler fail err:å¯†ç é”™è¯¯
2022-10-03T20:48:59.789+0800	[31mERROR[0m	github.com/xjian2021/bluebell/controller.HandleError:36		/sign-up::2 -> handler fail err:ç”¨æˆ·å·²å­˜åœ¨
2022-10-05T21:42:59.265+0800	[31mERROR[0m	github.com/xjian2021/bluebell/controller.HandleOutput:54	/login::2 -> handler fail err:å¯†ç é”™è¯¯
2022-10-06T12:30:52.091+0800	[31mERROR[0m	github.com/xjian2021/bluebell/controller.LoginHandler:27	/login::1 -> BindJSON fail err:Key: 'LoginInput.Username' Error:Field validation for 'Username' failed on the 'required' tag
Key: 'LoginInput.Password' Error:Field validation for 'Password' failed on the 'required' tag
2022-10-06T12:31:02.151+0800	[31mERROR[0m	github.com/xjian2021/bluebell/controller.LoginHandler:27	/login::2 -> BindJSON fail err:Key: 'LoginInput.Password' Error:Field validation for 'Password' failed on the 'required' tag
2022-10-06T12:36:10.020+0800	[31mERROR[0m	github.com/xjian2021/bluebell/controller.LoginHandler:27	/login::3 -> BindJSON fail err:Key: 'LoginInput.Username' Error:Field validation for 'Username' failed on the 'required' tag
Key: 'LoginInput.Password' Error:Field validation for 'Password' failed on the 'required' tag
2022-10-06T12:48:12.239+0800	[31mERROR[0m	github.com/xjian2021/bluebell/controller.LoginHandler:30	/login::1 -> BindJSON fail err:LoginInput.Username: Usernameä¸ºå¿…å¡«å­—æ®µ
LoginInput.Password: Passwordä¸ºå¿…å¡«å­—æ®µ
2022-10-06T12:49:20.064+0800	[31mERROR[0m	github.com/xjian2021/bluebell/controller.LoginHandler:30	/login::1 -> BindJSON fail err:LoginInput.Username: Usernameä¸ºå¿…å¡«å­—æ®µ
LoginInput.Password: Passwordä¸ºå¿…å¡«å­—æ®µ

2022-10-06T12:49:56.767+0800	[31mERROR[0m	github.com/xjian2021/bluebell/controller.LoginHandler:30	/login::1 -> BindJSON fail err:LoginInput.Username: Usernameä¸ºå¿…å¡«å­—æ®µ; LoginInput.Password: Passwordä¸ºå¿…å¡«å­—æ®µ;
2022-10-06T12:50:52.702+0800	[31mERROR[0m	github.com/xjian2021/bluebell/controller.HandleOutput:53	/login::2 -> handler fail err:å¯†ç é”™è¯¯
2022-10-07T00:28:57.822+0800	[31mERROR[0m	github.com/xjian2021/bluebell/controller.HandleError:32		/auth-token::2 -> handler fail err:æ— æ•ˆtoken
2022-10-07T00:30:27.942+0800	[31mERROR[0m	github.com/xjian2021/bluebell/controller.HandleError:32		/auth-token::1 -> handler fail err:æ— æ•ˆtoken
2022-10-07T00:32:43.029+0800	[31mERROR[0m	github.com/xjian2021/bluebell/controller.HandleError:32		/auth-token::1 -> handler fail err:æ— æ•ˆtoken
2022-10-07T00:34:03.653+0800	[31mERROR[0m	github.com/xjian2021/bluebell/controller.HandleError:32		/auth-token::1 -> handler fail err:æ— æ•ˆtoken
