2022-09-28T09:45:12.574+0800	INFO	logger/logger.go:55	logger init success...
2022-09-28T09:45:12.586+0800	INFO	mysql/mysql.go:34	init mysql success...
2022-09-28T09:45:12.595+0800	INFO	redis/redis.go:24	redis init success...
2022-09-28T09:45:12.596+0800	INFO	bluebell/main.go:58	hello world!
2022-09-28T09:45:43.938+0800	ERROR	controller/user.go:18	BindJSON fail	{"error": "Key: 'SignUpInput.Email' Error:Field validation for 'Email' failed on the 'required' tag\nKey: 'SignUpInput.Age' Error:Field validation for 'Age' failed on the 'gte' tag"}
2022-09-28T09:45:43.938+0800	INFO	logger/logger.go:105	/sign-up	{"status": 200, "method": "POST", "path": "/sign-up", "query": "", "ip": "::1", "user-agent": "apifox/1.0.0 (https://www.apifox.cn)", "errors": "", "cost": "289.6Âµs"}
2022-09-28T09:46:13.746+0800	ERROR	controller/user.go:18	BindJSON fail	{"error": "Key: 'SignUpInput.Email' Error:Field validation for 'Email' failed on the 'required' tag"}
2022-09-28T09:46:13.747+0800	INFO	logger/logger.go:105	/sign-up	{"status": 200, "method": "POST", "path": "/sign-up", "query": "", "ip": "::1", "user-agent": "apifox/1.0.0 (https://www.apifox.cn)", "errors": "", "cost": "161.2Âµs"}
2022-09-28T09:46:19.159+0800	ERROR	controller/user.go:18	BindJSON fail	{"error": "Key: 'SignUpInput.Email' Error:Field validation for 'Email' failed on the 'email' tag"}
2022-09-28T09:46:19.161+0800	INFO	logger/logger.go:105	/sign-up	{"status": 200, "method": "POST", "path": "/sign-up", "query": "", "ip": "::1", "user-agent": "apifox/1.0.0 (https://www.apifox.cn)", "errors": "", "cost": "2.6077ms"}
2022-09-28T09:46:27.877+0800	DEBUG	controller/user.go:27	SignUpInput:&{Username:zpj Password:123456 Email:123@qq.com Age:10}
2022-09-28T09:46:27.877+0800	INFO	logger/logger.go:105	/sign-up	{"status": 200, "method": "POST", "path": "/sign-up", "query": "", "ip": "::1", "user-agent": "apifox/1.0.0 (https://www.apifox.cn)", "errors": "", "cost": "212.5Âµs"}
2022-09-28T09:47:02.964+0800	DEBUG	bluebell/main.go:62	close server...	{"signal": "interrupt"}
2022-09-28T09:47:02.964+0800	INFO	bluebell/main.go:54	svr.ListenAndServe	{"error": "http: Server closed"}
2022-09-28T09:47:02.965+0800	INFO	bluebell/main.go:68	server exit!
{"L":"\u001b[34mINFO\u001b[0m","T":"2022-09-29T00:20:16.720+0800","C":"bluebell/logger.Init:81","M":"logger init success...","what":123}
{"L":"\u001b[34mINFO\u001b[0m","T":"2022-09-29T00:20:16.727+0800","C":"bluebell/dao/mysql.Init:34","M":"init mysql success...","what":123}
{"L":"\u001b[34mINFO\u001b[0m","T":"2022-09-29T00:20:16.735+0800","C":"bluebell/dao/redis.Init:24","M":"redis init success...","what":123}
{"L":"\u001b[34mINFO\u001b[0m","T":"2022-09-29T00:20:16.735+0800","C":"main.main:58","M":"hello world!","what":123}
{"L":"\u001b[34mINFO\u001b[0m","T":"2022-09-29T00:51:54.923+0800","C":"bluebell/logger.GinLogger.func1:136","M":"/","what":123,"status":200,"method":"GET","path":"/","query":"","ip":"127.0.0.1","user-agent":"curl/7.68.0","errors":"","cost":"26Âµs"}
{"L":"\u001b[34mINFO\u001b[0m","T":"2022-09-29T00:52:06.931+0800","C":"bluebell/logger.GinLogger.func1:136","M":"/version","what":123,"status":200,"method":"GET","path":"/version","query":"","ip":"127.0.0.1","user-agent":"curl/7.68.0","errors":"","cost":"27Âµs"}
{"L":"\u001b[31mERROR\u001b[0m","T":"2022-09-29T00:52:52.010+0800","C":"bluebell/controller.SignUpHandler:18","M":"BindJSON fail","what":123,"error":"invalid character 'u' looking for beginning of value","S":"bluebell/controller.SignUpHandler\n\t/home/zpj/data/bluebell/controller/user.go:18\ngithub.com/gin-gonic/gin.(*Context).Next\n\t/home/zpj/go/pkg/mod/github.com/gin-gonic/gin@v1.8.1/context.go:173\nbluebell/logger.GinRecovery.func1\n\t/home/zpj/data/bluebell/logger/logger.go:192\ngithub.com/gin-gonic/gin.(*Context).Next\n\t/home/zpj/go/pkg/mod/github.com/gin-gonic/gin@v1.8.1/context.go:173\nbluebell/logger.GinLogger.func1\n\t/home/zpj/data/bluebell/logger/logger.go:133\ngithub.com/gin-gonic/gin.(*Context).Next\n\t/home/zpj/go/pkg/mod/github.com/gin-gonic/gin@v1.8.1/context.go:173\ngithub.com/gin-gonic/gin.(*Engine).handleHTTPRequest\n\t/home/zpj/go/pkg/mod/github.com/gin-gonic/gin@v1.8.1/gin.go:616\ngithub.com/gin-gonic/gin.(*Engine).ServeHTTP\n\t/home/zpj/go/pkg/mod/github.com/gin-gonic/gin@v1.8.1/gin.go:572\nnet/http.serverHandler.ServeHTTP\n\t/home/zpj/.gvm/gos/go1.18.3/src/net/http/server.go:2916\nnet/http.(*conn).serve\n\t/home/zpj/.gvm/gos/go1.18.3/src/net/http/server.go:1966"}
{"L":"\u001b[34mINFO\u001b[0m","T":"2022-09-29T00:52:52.010+0800","C":"bluebell/logger.GinLogger.func1:136","M":"/sign-up","what":123,"status":200,"method":"POST","path":"/sign-up","query":"","ip":"127.0.0.1","user-agent":"curl/7.68.0","errors":"","cost":"223.7Âµs"}
{"L":"\u001b[34mINFO\u001b[0m","T":"2022-09-29T00:55:55.131+0800","C":"bluebell/logger.GinLogger.func1:136","M":"/sign-up","what":123,"status":200,"method":"POST","path":"/sign-up","query":"","ip":"::1","user-agent":"apifox/1.0.0 (https://www.apifox.cn)","errors":"","cost":"2.4426ms"}
{"L":"\u001b[31mERROR\u001b[0m","T":"2022-09-29T00:57:03.155+0800","C":"bluebell/controller.SignUpHandler:18","M":"BindJSON fail","what":123,"error":"Key: 'SignUpInput.Age' Error:Field validation for 'Age' failed on the 'gte' tag","S":"bluebell/controller.SignUpHandler\n\t/home/zpj/data/bluebell/controller/user.go:18\ngithub.com/gin-gonic/gin.(*Context).Next\n\t/home/zpj/go/pkg/mod/github.com/gin-gonic/gin@v1.8.1/context.go:173\nbluebell/logger.GinRecovery.func1\n\t/home/zpj/data/bluebell/logger/logger.go:192\ngithub.com/gin-gonic/gin.(*Context).Next\n\t/home/zpj/go/pkg/mod/github.com/gin-gonic/gin@v1.8.1/context.go:173\nbluebell/logger.GinLogger.func1\n\t/home/zpj/data/bluebell/logger/logger.go:133\ngithub.com/gin-gonic/gin.(*Context).Next\n\t/home/zpj/go/pkg/mod/github.com/gin-gonic/gin@v1.8.1/context.go:173\ngithub.com/gin-gonic/gin.(*Engine).handleHTTPRequest\n\t/home/zpj/go/pkg/mod/github.com/gin-gonic/gin@v1.8.1/gin.go:616\ngithub.com/gin-gonic/gin.(*Engine).ServeHTTP\n\t/home/zpj/go/pkg/mod/github.com/gin-gonic/gin@v1.8.1/gin.go:572\nnet/http.serverHandler.ServeHTTP\n\t/home/zpj/.gvm/gos/go1.18.3/src/net/http/server.go:2916\nnet/http.(*conn).serve\n\t/home/zpj/.gvm/gos/go1.18.3/src/net/http/server.go:1966"}
{"L":"\u001b[34mINFO\u001b[0m","T":"2022-09-29T00:57:03.155+0800","C":"bluebell/logger.GinLogger.func1:136","M":"/sign-up","what":123,"status":200,"method":"POST","path":"/sign-up","query":"","ip":"::1","user-agent":"apifox/1.0.0 (https://www.apifox.cn)","errors":"","cost":"367.7Âµs"}
{"L":"\u001b[34mINFO\u001b[0m","T":"2022-09-29T00:57:38.045+0800","C":"main.main.func1:54","M":"svr.ListenAndServe","what":123,"error":"http: Server closed"}
{"L":"\u001b[34mINFO\u001b[0m","T":"2022-09-29T00:57:38.046+0800","C":"main.main:68","M":"server exit!","what":123}
2022-09-29T09:58:44.521+0800	[34mINFO[0m	bluebell/logger.Init:79	logger init success...
2022-09-29T09:58:44.528+0800	[34mINFO[0m	bluebell/dao/mysql.Init:34	init mysql success...
2022-09-29T09:58:44.536+0800	[34mINFO[0m	bluebell/dao/redis.Init:24	redis init success...
2022-09-29T09:58:44.537+0800	[34mINFO[0m	main.main:58	hello world!
2022-09-29T09:59:27.849+0800	[35mDEBUG[0m	bluebell/controller.SignUpHandler:27	SignUpInput:&{Username:zpj Password:123456 Email:123@qq.com Age:10}
2022-09-29T09:59:27.887+0800	[34mINFO[0m	bluebell/logic.SignUp:31	new user id:1
2022-09-29T09:59:27.887+0800	[34mINFO[0m	bluebell/logger.GinLogger.func1:134	/sign-up	{"status": 200, "method": "POST", "path": "/sign-up", "query": "", "ip": "::1", "user-agent": "apifox/1.0.0 (https://www.apifox.cn)", "errors": "", "cost": "37.8384ms"}
2022-09-29T10:00:54.436+0800	[35mDEBUG[0m	bluebell/controller.SignUpHandler:27	SignUpInput:&{Username:zpj Password:123456 Email:123@qq.com Age:10}
2022-09-29T10:00:54.438+0800	[31mERROR[0m	bluebell/controller.SignUpHandler:29	SignUp fail	{"error": "user:zpj exist", "errorVerbose": "user:zpj exist\nbluebell/logic.SignUp\n\t/home/zpj/data/bluebell/logic/user.go:18\nbluebell/controller.SignUpHandler\n\t/home/zpj/data/bluebell/controller/user.go:28\ngithub.com/gin-gonic/gin.(*Context).Next\n\t/home/zpj/go/pkg/mod/github.com/gin-gonic/gin@v1.8.1/context.go:173\nbluebell/logger.GinRecovery.func1\n\t/home/zpj/data/bluebell/logger/logger.go:190\ngithub.com/gin-gonic/gin.(*Context).Next\n\t/home/zpj/go/pkg/mod/github.com/gin-gonic/gin@v1.8.1/context.go:173\nbluebell/logger.GinLogger.func1\n\t/home/zpj/data/bluebell/logger/logger.go:131\ngithub.com/gin-gonic/gin.(*Context).Next\n\t/home/zpj/go/pkg/mod/github.com/gin-gonic/gin@v1.8.1/context.go:173\ngithub.com/gin-gonic/gin.(*Engine).handleHTTPRequest\n\t/home/zpj/go/pkg/mod/github.com/gin-gonic/gin@v1.8.1/gin.go:616\ngithub.com/gin-gonic/gin.(*Engine).ServeHTTP\n\t/home/zpj/go/pkg/mod/github.com/gin-gonic/gin@v1.8.1/gin.go:572\nnet/http.serverHandler.ServeHTTP\n\t/home/zpj/.gvm/gos/go1.18.3/src/net/http/server.go:2916\nnet/http.(*conn).serve\n\t/home/zpj/.gvm/gos/go1.18.3/src/net/http/server.go:1966\nruntime.goexit\n\t/home/zpj/.gvm/gos/go1.18.3/src/runtime/asm_amd64.s:1571"}
2022-09-29T10:00:54.441+0800	[34mINFO[0m	bluebell/logger.GinLogger.func1:134	/sign-up	{"status": 200, "method": "POST", "path": "/sign-up", "query": "", "ip": "::1", "user-agent": "apifox/1.0.0 (https://www.apifox.cn)", "errors": "", "cost": "4.6952ms"}
2022-09-29T10:03:25.707+0800	[35mDEBUG[0m	main.main:62	close server...	{"signal": "interrupt"}
2022-09-29T10:03:25.707+0800	[34mINFO[0m	main.main.func1:54	svr.ListenAndServe	{"error": "http: Server closed"}
2022-09-29T10:03:25.708+0800	[34mINFO[0m	main.main:68	server exit!
2022-09-29T10:03:33.996+0800	[34mINFO[0m	bluebell/logger.Init:79	logger init success...
2022-09-29T10:03:33.999+0800	[34mINFO[0m	bluebell/dao/mysql.Init:34	init mysql success...
2022-09-29T10:03:34.000+0800	[34mINFO[0m	bluebell/dao/redis.Init:24	redis init success...
2022-09-29T10:03:34.002+0800	[34mINFO[0m	main.main:58	hello world!
2022-09-29T10:03:37.288+0800	[35mDEBUG[0m	bluebell/controller.SignUpHandler:27	SignUpInput:&{Username:zpj Password:123456 Email:123@qq.com Age:10}
2022-09-29T10:03:37.289+0800	[31mERROR[0m	bluebell/controller.SignUpHandler:29	SignUp fail	{"error": "user:zpj exist"}
2022-09-29T10:03:37.290+0800	[34mINFO[0m	bluebell/logger.GinLogger.func1:134	/sign-up	{"status": 200, "method": "POST", "path": "/sign-up", "query": "", "ip": "::1", "user-agent": "apifox/1.0.0 (https://www.apifox.cn)", "errors": "", "cost": "2.2993ms"}
2022-09-29T10:04:12.858+0800	[35mDEBUG[0m	bluebell/controller.SignUpHandler:27	SignUpInput:&{Username:zpj Password:123456 Email:123@qq.com Age:10}
2022-09-29T10:04:12.860+0800	[31mERROR[0m	bluebell/controller.SignUpHandler:29	SignUp fail	{"error": "user:zpj exist"}
2022-09-29T10:04:12.860+0800	[34mINFO[0m	bluebell/logger.GinLogger.func1:134	/sign-up	{"status": 200, "method": "POST", "path": "/sign-up", "query": "", "ip": "::1", "user-agent": "apifox/1.0.0 (https://www.apifox.cn)", "errors": "", "cost": "1.5498ms"}
2022-09-29T10:05:58.220+0800	[35mDEBUG[0m	main.main:62	close server...	{"signal": "interrupt"}
2022-09-29T10:05:58.221+0800	[34mINFO[0m	main.main.func1:54	svr.ListenAndServe	{"error": "http: Server closed"}
2022-09-29T10:05:58.222+0800	[34mINFO[0m	main.main:68	server exit!
2022-09-29T10:06:00.089+0800	[34mINFO[0m	bluebell/logger.Init:79	logger init success...
2022-09-29T10:06:00.092+0800	[34mINFO[0m	bluebell/dao/mysql.Init:34	init mysql success...
2022-09-29T10:06:00.093+0800	[34mINFO[0m	bluebell/dao/redis.Init:24	redis init success...
2022-09-29T10:06:00.094+0800	[34mINFO[0m	main.main:58	hello world!
2022-09-29T10:06:02.803+0800	[35mDEBUG[0m	bluebell/controller.SignUpHandler:27	SignUpInput:&{Username:zpj Password:123456 Email:123@qq.com Age:10}
2022-09-29T10:06:02.804+0800	[31mERROR[0m	bluebell/controller.SignUpHandler:29	SignUp fail	{"error": "user:zpj exist"}
2022-09-29T10:06:02.804+0800	[34mINFO[0m	bluebell/logger.GinLogger.func1:134	/sign-up	{"status": 200, "method": "POST", "path": "/sign-up", "query": "", "ip": "::1", "user-agent": "apifox/1.0.0 (https://www.apifox.cn)", "errors": "", "cost": "1.7135ms"}
2022-09-29T10:06:15.158+0800	[35mDEBUG[0m	bluebell/controller.SignUpHandler:27	SignUpInput:&{Username:zph Password:123456 Email:456@qq.com Age:10}
2022-09-29T10:06:15.197+0800	[34mINFO[0m	bluebell/logic.SignUp:30	new user id:2
2022-09-29T10:06:15.197+0800	[34mINFO[0m	bluebell/logger.GinLogger.func1:134	/sign-up	{"status": 200, "method": "POST", "path": "/sign-up", "query": "", "ip": "::1", "user-agent": "apifox/1.0.0 (https://www.apifox.cn)", "errors": "", "cost": "39.3705ms"}
2022-10-01T02:53:19.501+0800	[34mINFO[0m	github.com/xjian2021/bluebell/logger.Init:79	logger init success...
2022-10-01T02:53:19.599+0800	[34mINFO[0m	github.com/xjian2021/bluebell/dao/mysql.Init:34	init mysql success...
2022-10-01T02:53:19.621+0800	[34mINFO[0m	github.com/xjian2021/bluebell/dao/redis.Init:24	redis init success...
2022-10-01T02:53:19.622+0800	[34mINFO[0m	main.main:58	hello world!
2022-10-01T02:53:21.935+0800	[35mDEBUG[0m	main.main:62	close server...	{"signal": "interrupt"}
2022-10-01T02:53:21.936+0800	[34mINFO[0m	main.main.func1:54	svr.ListenAndServe	{"error": "http: Server closed"}
2022-10-01T02:53:21.940+0800	[34mINFO[0m	main.main:68	server exit!
2022-10-02T22:41:19.057+0800	[34mINFO[0m	github.com/xjian2021/bluebell/logger.Init:79	logger init success...
2022-10-02T22:41:19.206+0800	[34mINFO[0m	github.com/xjian2021/bluebell/dao/mysql.Init:34	init mysql success...
2022-10-02T22:41:19.228+0800	[34mINFO[0m	github.com/xjian2021/bluebell/dao/redis.Init:24	redis init success...
2022-10-02T22:41:19.229+0800	[34mINFO[0m	main.main:58	hello world!
2022-10-02T22:42:09.730+0800	[35mDEBUG[0m	github.com/xjian2021/bluebell/controller.SignUpHandler:27	SignUpInput:&{Username:zph Password:123456 Email:123@qq.com Age:10}
2022-10-02T22:42:09.822+0800	[31mERROR[0m	github.com/xjian2021/bluebell/controller.SignUpHandler:29	SignUp fail	{"error": "AddUser newUser:{UserID:2396330836103168 Username:zph Password:123456\ufffd\u001d\ufffdÙ\u0000\ufffd\u0004\ufffd\ufffd\t\ufffd\ufffd\ufffdB~ Email:123@qq.com Gender:} err:Error 1366: Incorrect string value: '\\xD4\\x1D\\x8C\\xD9\\x8F\\x00...' for column 'password' at row 1"}
2022-10-02T22:42:09.823+0800	[34mINFO[0m	github.com/xjian2021/bluebell/logger.GinLogger.func1:134	/sign-up	{"status": 200, "method": "POST", "path": "/sign-up", "query": "", "ip": "::1", "user-agent": "apifox/1.0.0 (https://www.apifox.cn)", "errors": "", "cost": "93.415334ms"}
2022-10-02T22:44:45.035+0800	[35mDEBUG[0m	main.main:62	close server...	{"signal": "interrupt"}
2022-10-02T22:44:45.036+0800	[34mINFO[0m	main.main.func1:54	svr.ListenAndServe	{"error": "http: Server closed"}
2022-10-02T22:44:45.038+0800	[34mINFO[0m	main.main:68	server exit!
2022-10-02T22:44:58.884+0800	[34mINFO[0m	github.com/xjian2021/bluebell/logger.Init:79	logger init success...
2022-10-02T22:44:58.944+0800	[34mINFO[0m	github.com/xjian2021/bluebell/dao/mysql.Init:34	init mysql success...
2022-10-02T22:44:58.996+0800	[34mINFO[0m	github.com/xjian2021/bluebell/dao/redis.Init:24	redis init success...
2022-10-02T22:44:58.999+0800	[34mINFO[0m	main.main:58	hello world!
2022-10-02T22:45:04.439+0800	[35mDEBUG[0m	github.com/xjian2021/bluebell/controller.SignUpHandler:27	SignUpInput:&{Username:zph Password:123456 Email:123@qq.com Age:10}
2022-10-02T22:45:04.511+0800	[34mINFO[0m	github.com/xjian2021/bluebell/logic.SignUp:33	new user id:2
2022-10-02T22:45:04.518+0800	[34mINFO[0m	github.com/xjian2021/bluebell/logger.GinLogger.func1:134	/sign-up	{"status": 200, "method": "POST", "path": "/sign-up", "query": "", "ip": "::1", "user-agent": "apifox/1.0.0 (https://www.apifox.cn)", "errors": "", "cost": "83.331646ms"}
2022-10-02T23:45:08.424+0800	[35mDEBUG[0m	main.main:62	close server...	{"signal": "interrupt"}
2022-10-02T23:45:08.424+0800	[34mINFO[0m	main.main.func1:54	svr.ListenAndServe	{"error": "http: Server closed"}
2022-10-02T23:45:08.426+0800	[34mINFO[0m	main.main:68	server exit!
2022-10-03T15:35:15.932+0800	[34mINFO[0m	github.com/xjian2021/bluebell/logger.Init:79	logger init success...
2022-10-03T15:35:16.046+0800	[34mINFO[0m	github.com/xjian2021/bluebell/dao/mysql.Init:34	init mysql success...
2022-10-03T15:35:16.068+0800	[34mINFO[0m	github.com/xjian2021/bluebell/dao/redis.Init:24	redis init success...
2022-10-03T15:35:16.069+0800	[34mINFO[0m	main.main:58	hello world!
2022-10-03T15:36:23.025+0800	[35mDEBUG[0m	github.com/xjian2021/bluebell/controller.SignUpHandler:18	/sign-up-1 -> SignUpInput:&{Username:zph Password:123456 Email:123@qq.com Age:10}
2022-10-03T15:36:23.065+0800	[31mERROR[0m	github.com/xjian2021/bluebell/controller.HandleError:36	/sign-up-1 -> handler fail err:ç”¨æˆ·å·²å­˜åœ¨
2022-10-03T15:36:23.066+0800	[34mINFO[0m	github.com/xjian2021/bluebell/logger.GinLogger.func1:134	/sign-up	{"status": 200, "method": "POST", "path": "/sign-up", "query": "", "ip": "::1", "user-agent": "apifox/1.0.0 (https://www.apifox.cn)", "errors": "", "cost": "41.704971ms"}
2022-10-03T15:36:50.446+0800	[35mDEBUG[0m	github.com/xjian2021/bluebell/controller.SignUpHandler:18	/sign-up-2 -> SignUpInput:&{Username:zph Password:123456 Email:123@qq.com Age:10}
2022-10-03T15:36:50.492+0800	[31mERROR[0m	github.com/xjian2021/bluebell/controller.HandleError:36	/sign-up-2 -> handler fail err:ç”¨æˆ·å·²å­˜åœ¨
2022-10-03T15:36:50.493+0800	[34mINFO[0m	github.com/xjian2021/bluebell/logger.GinLogger.func1:134	/sign-up	{"status": 200, "method": "POST", "path": "/sign-up", "query": "", "ip": "::1", "user-agent": "apifox/1.0.0 (https://www.apifox.cn)", "errors": "", "cost": "46.506711ms"}
2022-10-03T15:38:55.716+0800	[35mDEBUG[0m	main.main:62	close server...	{"signal": "interrupt"}
2022-10-03T15:38:55.718+0800	[34mINFO[0m	main.main.func1:54	svr.ListenAndServe	{"error": "http: Server closed"}
2022-10-03T15:38:55.721+0800	[34mINFO[0m	main.main:68	server exit!
2022-10-03T15:39:38.520+0800	[34mINFO[0m	github.com/xjian2021/bluebell/logger.Init:79	logger init success...
2022-10-03T15:39:38.595+0800	[34mINFO[0m	github.com/xjian2021/bluebell/dao/mysql.Init:34	init mysql success...
2022-10-03T15:39:38.637+0800	[34mINFO[0m	github.com/xjian2021/bluebell/dao/redis.Init:24	redis init success...
2022-10-03T15:39:38.638+0800	[34mINFO[0m	main.main:58	hello world!
2022-10-03T15:40:06.428+0800	[31mERROR[0m	github.com/xjian2021/bluebell/controller.LoginHandler:27	/login::1 -> BindJSON fail err:invalid character '}' looking for beginning of object key string
2022-10-03T15:40:06.429+0800	[34mINFO[0m	github.com/xjian2021/bluebell/logger.GinLogger.func1:134	/login	{"status": 200, "method": "POST", "path": "/login", "query": "", "ip": "::1", "user-agent": "apifox/1.0.0 (https://www.apifox.cn)", "errors": "", "cost": "775.052Âµs"}
2022-10-03T15:40:18.842+0800	[35mDEBUG[0m	github.com/xjian2021/bluebell/controller.LoginHandler:30	/login::2 -> LoginInput:&{Username:zpj Password:123456}
2022-10-03T15:40:18.862+0800	[31mERROR[0m	github.com/xjian2021/bluebell/controller.HandleOutput:53	/login::2 -> handler fail err:nil pointer passed to StructScan destination
2022-10-03T15:40:18.862+0800	[34mINFO[0m	github.com/xjian2021/bluebell/logger.GinLogger.func1:134	/login	{"status": 200, "method": "POST", "path": "/login", "query": "", "ip": "::1", "user-agent": "apifox/1.0.0 (https://www.apifox.cn)", "errors": "", "cost": "19.669412ms"}
2022-10-03T15:42:02.437+0800	[35mDEBUG[0m	main.main:62	close server...	{"signal": "interrupt"}
2022-10-03T15:42:02.439+0800	[34mINFO[0m	main.main.func1:54	svr.ListenAndServe	{"error": "http: Server closed"}
2022-10-03T15:42:02.440+0800	[34mINFO[0m	main.main:68	server exit!
2022-10-03T15:42:06.412+0800	[34mINFO[0m	github.com/xjian2021/bluebell/logger.Init:79	logger init success...
2022-10-03T15:42:06.564+0800	[34mINFO[0m	github.com/xjian2021/bluebell/dao/mysql.Init:34	init mysql success...
2022-10-03T15:42:06.588+0800	[34mINFO[0m	github.com/xjian2021/bluebell/dao/redis.Init:24	redis init success...
2022-10-03T15:42:06.588+0800	[34mINFO[0m	main.main:58	hello world!
2022-10-03T15:42:08.636+0800	[35mDEBUG[0m	github.com/xjian2021/bluebell/controller.LoginHandler:30	/login::1 -> LoginInput:&{Username:zpj Password:123456}
2022-10-03T15:42:08.664+0800	[31mERROR[0m	github.com/xjian2021/bluebell/controller.HandleOutput:53	/login::1 -> handler fail err:scannable dest type ptr with >1 columns (3) in result
2022-10-03T15:42:08.665+0800	[34mINFO[0m	github.com/xjian2021/bluebell/logger.GinLogger.func1:134	/login	{"status": 200, "method": "POST", "path": "/login", "query": "", "ip": "::1", "user-agent": "apifox/1.0.0 (https://www.apifox.cn)", "errors": "", "cost": "30.645921ms"}
2022-10-03T15:43:50.004+0800	[35mDEBUG[0m	main.main:62	close server...	{"signal": "interrupt"}
2022-10-03T15:43:50.005+0800	[34mINFO[0m	main.main.func1:54	svr.ListenAndServe	{"error": "http: Server closed"}
2022-10-03T15:43:50.006+0800	[34mINFO[0m	main.main:68	server exit!
2022-10-03T15:43:52.491+0800	[34mINFO[0m	github.com/xjian2021/bluebell/logger.Init:79	logger init success...
2022-10-03T15:43:52.559+0800	[34mINFO[0m	github.com/xjian2021/bluebell/dao/mysql.Init:34	init mysql success...
2022-10-03T15:43:52.585+0800	[34mINFO[0m	github.com/xjian2021/bluebell/dao/redis.Init:24	redis init success...
2022-10-03T15:43:52.586+0800	[34mINFO[0m	main.main:58	hello world!
2022-10-03T15:43:55.571+0800	[35mDEBUG[0m	github.com/xjian2021/bluebell/controller.LoginHandler:30	/login::1 -> LoginInput:&{Username:zpj Password:123456}
2022-10-03T15:43:55.594+0800	[31mERROR[0m	github.com/xjian2021/bluebell/controller.HandleOutput:53	/login::1 -> handler fail err:expected slice but got ptr
2022-10-03T15:43:55.595+0800	[34mINFO[0m	github.com/xjian2021/bluebell/logger.GinLogger.func1:134	/login	{"status": 200, "method": "POST", "path": "/login", "query": "", "ip": "::1", "user-agent": "apifox/1.0.0 (https://www.apifox.cn)", "errors": "", "cost": "23.970932ms"}
2022-10-03T15:48:28.102+0800	[35mDEBUG[0m	main.main:62	close server...	{"signal": "interrupt"}
2022-10-03T15:48:28.102+0800	[34mINFO[0m	main.main.func1:54	svr.ListenAndServe	{"error": "http: Server closed"}
2022-10-03T15:48:28.104+0800	[34mINFO[0m	main.main:68	server exit!
2022-10-03T15:48:32.446+0800	[34mINFO[0m	github.com/xjian2021/bluebell/logger.Init:79	logger init success...
2022-10-03T15:48:32.521+0800	[34mINFO[0m	github.com/xjian2021/bluebell/dao/mysql.Init:34	init mysql success...
2022-10-03T15:48:32.545+0800	[34mINFO[0m	github.com/xjian2021/bluebell/dao/redis.Init:24	redis init success...
2022-10-03T15:48:32.550+0800	[34mINFO[0m	main.main:58	hello world!
2022-10-03T15:48:39.282+0800	[35mDEBUG[0m	github.com/xjian2021/bluebell/controller.LoginHandler:30	/login::1 -> LoginInput:&{Username:zpj Password:123456}
2022-10-03T15:48:39.344+0800	[31mERROR[0m	github.com/xjian2021/bluebell/controller.HandleOutput:53	/login::1 -> handler fail err:scannable dest type ptr with >1 columns (3) in result
2022-10-03T15:48:39.345+0800	[34mINFO[0m	github.com/xjian2021/bluebell/logger.GinLogger.func1:134	/login	{"status": 200, "method": "POST", "path": "/login", "query": "", "ip": "::1", "user-agent": "apifox/1.0.0 (https://www.apifox.cn)", "errors": "", "cost": "63.361086ms"}
2022-10-03T15:50:58.683+0800	[35mDEBUG[0m	main.main:62	close server...	{"signal": "interrupt"}
2022-10-03T15:50:58.683+0800	[34mINFO[0m	main.main.func1:54	svr.ListenAndServe	{"error": "http: Server closed"}
2022-10-03T15:50:58.685+0800	[34mINFO[0m	main.main:68	server exit!
2022-10-03T15:51:03.536+0800	[34mINFO[0m	github.com/xjian2021/bluebell/logger.Init:79	logger init success...
2022-10-03T15:51:03.627+0800	[34mINFO[0m	github.com/xjian2021/bluebell/dao/mysql.Init:34	init mysql success...
2022-10-03T15:51:03.647+0800	[34mINFO[0m	github.com/xjian2021/bluebell/dao/redis.Init:24	redis init success...
2022-10-03T15:51:03.648+0800	[34mINFO[0m	main.main:58	hello world!
2022-10-03T15:51:06.689+0800	[35mDEBUG[0m	github.com/xjian2021/bluebell/controller.LoginHandler:30	/login::1 -> LoginInput:&{Username:zpj Password:123456}
2022-10-03T15:51:06.715+0800	[31mERROR[0m	github.com/xjian2021/bluebell/controller.HandleOutput:53	/login::1 -> handler fail err:å¯†ç é”™è¯¯
2022-10-03T15:51:06.716+0800	[34mINFO[0m	github.com/xjian2021/bluebell/logger.GinLogger.func1:134	/login	{"status": 200, "method": "POST", "path": "/login", "query": "", "ip": "::1", "user-agent": "apifox/1.0.0 (https://www.apifox.cn)", "errors": "", "cost": "27.023241ms"}
2022-10-03T15:51:43.171+0800	[35mDEBUG[0m	main.main:62	close server...	{"signal": "interrupt"}
2022-10-03T15:51:43.171+0800	[34mINFO[0m	main.main.func1:54	svr.ListenAndServe	{"error": "http: Server closed"}
2022-10-03T15:51:43.173+0800	[34mINFO[0m	main.main:68	server exit!
2022-10-03T15:51:45.272+0800	[34mINFO[0m	github.com/xjian2021/bluebell/logger.Init:79	logger init success...
2022-10-03T15:51:45.411+0800	[34mINFO[0m	github.com/xjian2021/bluebell/dao/mysql.Init:34	init mysql success...
2022-10-03T15:51:45.452+0800	[34mINFO[0m	github.com/xjian2021/bluebell/dao/redis.Init:24	redis init success...
2022-10-03T15:51:45.454+0800	[34mINFO[0m	main.main:58	hello world!
2022-10-03T15:51:47.877+0800	[35mDEBUG[0m	github.com/xjian2021/bluebell/controller.LoginHandler:30	/login::1 -> LoginInput:&{Username:zpj Password:123456}
2022-10-03T15:51:47.898+0800	[31mERROR[0m	github.com/xjian2021/bluebell/controller.HandleOutput:53	/login::1 -> handler fail err:å¯†ç é”™è¯¯
2022-10-03T15:51:47.899+0800	[34mINFO[0m	github.com/xjian2021/bluebell/logger.GinLogger.func1:134	/login	{"status": 200, "method": "POST", "path": "/login", "query": "", "ip": "::1", "user-agent": "apifox/1.0.0 (https://www.apifox.cn)", "errors": "", "cost": "22.06198ms"}
2022-10-03T15:52:22.343+0800	[35mDEBUG[0m	github.com/xjian2021/bluebell/controller.LoginHandler:30	/login::2 -> LoginInput:&{Username:zpj Password:123456}
2022-10-03T15:52:22.378+0800	[34mINFO[0m	github.com/xjian2021/bluebell/logger.GinLogger.func1:134	/login	{"status": 200, "method": "POST", "path": "/login", "query": "", "ip": "::1", "user-agent": "apifox/1.0.0 (https://www.apifox.cn)", "errors": "", "cost": "35.458228ms"}
2022-10-03T15:52:29.324+0800	[35mDEBUG[0m	main.main:62	close server...	{"signal": "interrupt"}
2022-10-03T15:52:29.325+0800	[34mINFO[0m	main.main.func1:54	svr.ListenAndServe	{"error": "http: Server closed"}
2022-10-03T15:52:29.326+0800	[34mINFO[0m	main.main:68	server exit!
2022-10-03T20:38:44.688+0800	[34mINFO[0m	github.com/xjian2021/bluebell/logger.Init:79	logger init success...
2022-10-03T20:38:44.766+0800	[34mINFO[0m	github.com/xjian2021/bluebell/dao/mysql.Init:34	init mysql success...
2022-10-03T20:38:44.787+0800	[34mINFO[0m	github.com/xjian2021/bluebell/dao/redis.Init:24	redis init success...
2022-10-03T20:38:44.790+0800	[34mINFO[0m	main.main:58	hello world!
2022-10-03T20:38:58.703+0800	[35mDEBUG[0m	github.com/xjian2021/bluebell/controller.SignUpHandler:18	/sign-up::1 -> SignUpInput:&{Username:zph Password:123456 Email:123@qq.com Age:10}
2022-10-03T20:38:58.756+0800	[31mERROR[0m	github.com/xjian2021/bluebell/controller.HandleError:36	/sign-up::1 -> handler fail err:ç”¨æˆ·å·²å­˜åœ¨
2022-10-03T20:38:58.757+0800	[34mINFO[0m	github.com/xjian2021/bluebell/logger.GinLogger.func1:134	/sign-up	{"status": 200, "method": "POST", "path": "/sign-up", "query": "", "ip": "::1", "user-agent": "apifox/1.0.0 (https://www.apifox.cn)", "errors": "", "cost": "54.41775ms"}
2022-10-03T20:39:42.050+0800	[35mDEBUG[0m	github.com/xjian2021/bluebell/controller.LoginHandler:30	/login::2 -> LoginInput:&{Username:zpj Password:1234561}
2022-10-03T20:39:42.074+0800	[31mERROR[0m	github.com/xjian2021/bluebell/controller.HandleOutput:53	/login::2 -> handler fail err:å¯†ç é”™è¯¯
2022-10-03T20:39:42.076+0800	[34mINFO[0m	github.com/xjian2021/bluebell/logger.GinLogger.func1:134	/login	{"status": 200, "method": "POST", "path": "/login", "query": "", "ip": "::1", "user-agent": "apifox/1.0.0 (https://www.apifox.cn)", "errors": "", "cost": "26.259028ms"}
2022-10-03T20:48:40.661+0800	[35mDEBUG[0m	main.main:62	close server...	{"signal": "interrupt"}
2022-10-03T20:48:40.662+0800	[34mINFO[0m	main.main.func1:54	svr.ListenAndServe	{"error": "http: Server closed"}
2022-10-03T20:48:40.664+0800	[34mINFO[0m	main.main:68	server exit!
2022-10-03T20:48:49.408+0800	[34mINFO[0m	github.com/xjian2021/bluebell/logger.Init:79	logger init success...
2022-10-03T20:48:49.479+0800	[34mINFO[0m	github.com/xjian2021/bluebell/dao/mysql.Init:34	init mysql success...
2022-10-03T20:48:49.512+0800	[34mINFO[0m	github.com/xjian2021/bluebell/dao/redis.Init:24	redis init success...
2022-10-03T20:48:49.512+0800	[34mINFO[0m	main.main:58	hello world!
2022-10-03T20:48:54.556+0800	[35mDEBUG[0m	github.com/xjian2021/bluebell/controller.LoginHandler:30	/login::1 -> LoginInput:&{Username:zpj Password:1234561}
2022-10-03T20:48:54.573+0800	[31mERROR[0m	github.com/xjian2021/bluebell/controller.HandleOutput:53	/login::1 -> handler fail err:å¯†ç é”™è¯¯
2022-10-03T20:48:54.573+0800	[34mINFO[0m	github.com/xjian2021/bluebell/logger.GinLogger.func1:134	/login	{"status": 200, "method": "POST", "path": "/login", "query": "", "ip": "::1", "user-agent": "apifox/1.0.0 (https://www.apifox.cn)", "errors": "", "cost": "18.290803ms"}
2022-10-03T20:48:59.751+0800	[35mDEBUG[0m	github.com/xjian2021/bluebell/controller.SignUpHandler:18	/sign-up::2 -> SignUpInput:&{Username:zph Password:123456 Email:123@qq.com Age:10}
2022-10-03T20:48:59.789+0800	[31mERROR[0m	github.com/xjian2021/bluebell/controller.HandleError:36		/sign-up::2 -> handler fail err:ç”¨æˆ·å·²å­˜åœ¨
2022-10-03T20:48:59.789+0800	[34mINFO[0m	github.com/xjian2021/bluebell/logger.GinLogger.func1:134	/sign-up	{"status": 200, "method": "POST", "path": "/sign-up", "query": "", "ip": "::1", "user-agent": "apifox/1.0.0 (https://www.apifox.cn)", "errors": "", "cost": "38.21967ms"}
2022-10-03T20:50:04.166+0800	[35mDEBUG[0m	main.main:62	close server...	{"signal": "interrupt"}
2022-10-03T20:50:04.166+0800	[34mINFO[0m	main.main.func1:54	svr.ListenAndServe	{"error": "http: Server closed"}
2022-10-03T20:50:04.168+0800	[34mINFO[0m	main.main:68	server exit!
2022-10-04T15:01:23.622+0800	[34mINFO[0m	github.com/xjian2021/bluebell/logger.Init:79	logger init success...
2022-10-04T15:01:23.708+0800	[34mINFO[0m	github.com/xjian2021/bluebell/dao/mysql.Init:34	init mysql success...
2022-10-04T15:01:23.734+0800	[34mINFO[0m	github.com/xjian2021/bluebell/dao/redis.Init:24	redis init success...
2022-10-04T15:01:23.740+0800	[34mINFO[0m	main.main:58	hello world!
2022-10-04T15:01:33.474+0800	[35mDEBUG[0m	github.com/xjian2021/bluebell/controller.LoginHandler:30	/login::1 -> LoginInput:&{Username:zpj Password:123456}
2022-10-04T15:01:33.515+0800	[34mINFO[0m	github.com/xjian2021/bluebell/logger.GinLogger.func1:134	/login	{"status": 200, "method": "POST", "path": "/login", "query": "", "ip": "::1", "user-agent": "apifox/1.0.0 (https://www.apifox.cn)", "errors": "", "cost": "41.909399ms"}
2022-10-04T15:01:54.690+0800	[35mDEBUG[0m	main.main:62	close server...	{"signal": "interrupt"}
2022-10-04T15:01:54.690+0800	[34mINFO[0m	main.main.func1:54	svr.ListenAndServe	{"error": "http: Server closed"}
2022-10-04T15:01:54.691+0800	[34mINFO[0m	main.main:68	server exit!
2022-10-05T21:42:28.967+0800	[34mINFO[0m	github.com/xjian2021/bluebell/logger.Init:79	logger init success...
2022-10-05T21:42:29.077+0800	[34mINFO[0m	github.com/xjian2021/bluebell/dao/mysql.Init:34	init mysql success...
2022-10-05T21:42:29.128+0800	[34mINFO[0m	github.com/xjian2021/bluebell/dao/redis.Init:24	redis init success...
2022-10-05T21:42:29.131+0800	[34mINFO[0m	main.main:58	hello world!
2022-10-05T21:42:41.839+0800	[35mDEBUG[0m	github.com/xjian2021/bluebell/controller.LoginHandler:30	/login::1 -> LoginInput:&{Username:zpj Password:123456}
2022-10-05T21:42:41.873+0800	[34mINFO[0m	github.com/xjian2021/bluebell/logger.GinLogger.func1:134	/login	{"status": 200, "method": "POST", "path": "/login", "query": "", "ip": "::1", "user-agent": "apifox/1.0.0 (https://www.apifox.cn)", "errors": "", "cost": "34.044602ms"}
2022-10-05T21:42:59.220+0800	[35mDEBUG[0m	github.com/xjian2021/bluebell/controller.LoginHandler:30	/login::2 -> LoginInput:&{Username:zpj Password:1234561}
2022-10-05T21:42:59.265+0800	[31mERROR[0m	github.com/xjian2021/bluebell/controller.HandleOutput:54	/login::2 -> handler fail err:å¯†ç é”™è¯¯
2022-10-05T21:42:59.266+0800	[34mINFO[0m	github.com/xjian2021/bluebell/logger.GinLogger.func1:134	/login	{"status": 200, "method": "POST", "path": "/login", "query": "", "ip": "::1", "user-agent": "apifox/1.0.0 (https://www.apifox.cn)", "errors": "", "cost": "46.549886ms"}
2022-10-05T21:49:30.579+0800	[35mDEBUG[0m	main.main:62	close server...	{"signal": "interrupt"}
2022-10-05T21:49:30.581+0800	[34mINFO[0m	main.main.func1:54	svr.ListenAndServe	{"error": "http: Server closed"}
2022-10-05T21:49:30.582+0800	[34mINFO[0m	main.main:68	server exit!
2022-10-06T12:30:13.678+0800	[34mINFO[0m	github.com/xjian2021/bluebell/logger.Init:79	logger init success...
2022-10-06T12:30:13.902+0800	[34mINFO[0m	github.com/xjian2021/bluebell/dao/mysql.Init:34	init mysql success...
2022-10-06T12:30:13.921+0800	[34mINFO[0m	github.com/xjian2021/bluebell/dao/redis.Init:24	redis init success...
2022-10-06T12:30:13.923+0800	[34mINFO[0m	main.main:58	hello world!
2022-10-06T12:30:52.091+0800	[31mERROR[0m	github.com/xjian2021/bluebell/controller.LoginHandler:27	/login::1 -> BindJSON fail err:Key: 'LoginInput.Username' Error:Field validation for 'Username' failed on the 'required' tag
Key: 'LoginInput.Password' Error:Field validation for 'Password' failed on the 'required' tag
2022-10-06T12:30:52.096+0800	[34mINFO[0m	github.com/xjian2021/bluebell/logger.GinLogger.func1:134	/login	{"status": 200, "method": "POST", "path": "/login", "query": "", "ip": "::1", "user-agent": "apifox/1.0.0 (https://www.apifox.cn)", "errors": "", "cost": "13.768074ms"}
2022-10-06T12:31:02.151+0800	[31mERROR[0m	github.com/xjian2021/bluebell/controller.LoginHandler:27	/login::2 -> BindJSON fail err:Key: 'LoginInput.Password' Error:Field validation for 'Password' failed on the 'required' tag
2022-10-06T12:31:02.152+0800	[34mINFO[0m	github.com/xjian2021/bluebell/logger.GinLogger.func1:134	/login	{"status": 200, "method": "POST", "path": "/login", "query": "", "ip": "::1", "user-agent": "apifox/1.0.0 (https://www.apifox.cn)", "errors": "", "cost": "228.72Âµs"}
2022-10-06T12:36:10.020+0800	[31mERROR[0m	github.com/xjian2021/bluebell/controller.LoginHandler:27	/login::3 -> BindJSON fail err:Key: 'LoginInput.Username' Error:Field validation for 'Username' failed on the 'required' tag
Key: 'LoginInput.Password' Error:Field validation for 'Password' failed on the 'required' tag
2022-10-06T12:36:10.022+0800	[34mINFO[0m	github.com/xjian2021/bluebell/logger.GinLogger.func1:134	/login	{"status": 200, "method": "POST", "path": "/login", "query": "", "ip": "::1", "user-agent": "apifox/1.0.0 (https://www.apifox.cn)", "errors": "", "cost": "1.787433ms"}
2022-10-06T12:48:00.703+0800	[35mDEBUG[0m	main.main:62	close server...	{"signal": "interrupt"}
2022-10-06T12:48:00.707+0800	[34mINFO[0m	main.main.func1:54	svr.ListenAndServe	{"error": "http: Server closed"}
2022-10-06T12:48:00.707+0800	[34mINFO[0m	main.main:68	server exit!
2022-10-06T12:48:08.686+0800	[34mINFO[0m	github.com/xjian2021/bluebell/logger.Init:79	logger init success...
2022-10-06T12:48:08.740+0800	[34mINFO[0m	github.com/xjian2021/bluebell/dao/mysql.Init:34	init mysql success...
2022-10-06T12:48:08.763+0800	[34mINFO[0m	github.com/xjian2021/bluebell/dao/redis.Init:24	redis init success...
2022-10-06T12:48:08.764+0800	[34mINFO[0m	main.main:58	hello world!
2022-10-06T12:48:12.239+0800	[31mERROR[0m	github.com/xjian2021/bluebell/controller.LoginHandler:30	/login::1 -> BindJSON fail err:LoginInput.Username: Usernameä¸ºå¿…å¡«å­—æ®µ
LoginInput.Password: Passwordä¸ºå¿…å¡«å­—æ®µ
2022-10-06T12:48:12.242+0800	[34mINFO[0m	github.com/xjian2021/bluebell/logger.GinLogger.func1:134	/login	{"status": 200, "method": "POST", "path": "/login", "query": "", "ip": "::1", "user-agent": "apifox/1.0.0 (https://www.apifox.cn)", "errors": "", "cost": "3.990489ms"}
2022-10-06T12:49:04.650+0800	[35mDEBUG[0m	main.main:62	close server...	{"signal": "interrupt"}
2022-10-06T12:49:04.651+0800	[34mINFO[0m	main.main.func1:54	svr.ListenAndServe	{"error": "http: Server closed"}
2022-10-06T12:49:04.652+0800	[34mINFO[0m	main.main:68	server exit!
2022-10-06T12:49:07.504+0800	[34mINFO[0m	github.com/xjian2021/bluebell/logger.Init:79	logger init success...
2022-10-06T12:49:07.562+0800	[34mINFO[0m	github.com/xjian2021/bluebell/dao/mysql.Init:34	init mysql success...
2022-10-06T12:49:07.578+0800	[34mINFO[0m	github.com/xjian2021/bluebell/dao/redis.Init:24	redis init success...
2022-10-06T12:49:07.580+0800	[34mINFO[0m	main.main:58	hello world!
2022-10-06T12:49:20.064+0800	[31mERROR[0m	github.com/xjian2021/bluebell/controller.LoginHandler:30	/login::1 -> BindJSON fail err:LoginInput.Username: Usernameä¸ºå¿…å¡«å­—æ®µ
LoginInput.Password: Passwordä¸ºå¿…å¡«å­—æ®µ

2022-10-06T12:49:20.067+0800	[34mINFO[0m	github.com/xjian2021/bluebell/logger.GinLogger.func1:134	/login	{"status": 200, "method": "POST", "path": "/login", "query": "", "ip": "::1", "user-agent": "apifox/1.0.0 (https://www.apifox.cn)", "errors": "", "cost": "3.234834ms"}
2022-10-06T12:49:50.033+0800	[35mDEBUG[0m	main.main:62	close server...	{"signal": "interrupt"}
2022-10-06T12:49:50.033+0800	[34mINFO[0m	main.main.func1:54	svr.ListenAndServe	{"error": "http: Server closed"}
2022-10-06T12:49:50.034+0800	[34mINFO[0m	main.main:68	server exit!
2022-10-06T12:49:54.650+0800	[34mINFO[0m	github.com/xjian2021/bluebell/logger.Init:79	logger init success...
2022-10-06T12:49:54.738+0800	[34mINFO[0m	github.com/xjian2021/bluebell/dao/mysql.Init:34	init mysql success...
2022-10-06T12:49:54.772+0800	[34mINFO[0m	github.com/xjian2021/bluebell/dao/redis.Init:24	redis init success...
2022-10-06T12:49:54.772+0800	[34mINFO[0m	main.main:58	hello world!
2022-10-06T12:49:56.767+0800	[31mERROR[0m	github.com/xjian2021/bluebell/controller.LoginHandler:30	/login::1 -> BindJSON fail err:LoginInput.Username: Usernameä¸ºå¿…å¡«å­—æ®µ; LoginInput.Password: Passwordä¸ºå¿…å¡«å­—æ®µ;
2022-10-06T12:49:56.767+0800	[34mINFO[0m	github.com/xjian2021/bluebell/logger.GinLogger.func1:134	/login	{"status": 200, "method": "POST", "path": "/login", "query": "", "ip": "::1", "user-agent": "apifox/1.0.0 (https://www.apifox.cn)", "errors": "", "cost": "388.67Âµs"}
2022-10-06T12:50:52.671+0800	[35mDEBUG[0m	github.com/xjian2021/bluebell/controller.LoginHandler:34	/login::2 -> LoginInput:&{Username:zpj Password:aaa}
2022-10-06T12:50:52.702+0800	[31mERROR[0m	github.com/xjian2021/bluebell/controller.HandleOutput:53	/login::2 -> handler fail err:å¯†ç é”™è¯¯
2022-10-06T12:50:52.702+0800	[34mINFO[0m	github.com/xjian2021/bluebell/logger.GinLogger.func1:134	/login	{"status": 200, "method": "POST", "path": "/login", "query": "", "ip": "::1", "user-agent": "apifox/1.0.0 (https://www.apifox.cn)", "errors": "", "cost": "30.740566ms"}
2022-10-06T12:50:58.595+0800	[35mDEBUG[0m	github.com/xjian2021/bluebell/controller.LoginHandler:34	/login::3 -> LoginInput:&{Username:zpj Password:123456}
2022-10-06T12:50:58.637+0800	[34mINFO[0m	github.com/xjian2021/bluebell/logger.GinLogger.func1:134	/login	{"status": 200, "method": "POST", "path": "/login", "query": "", "ip": "::1", "user-agent": "apifox/1.0.0 (https://www.apifox.cn)", "errors": "", "cost": "41.939479ms"}
2022-10-06T12:52:44.439+0800	[35mDEBUG[0m	main.main:62	close server...	{"signal": "interrupt"}
2022-10-06T12:52:44.439+0800	[34mINFO[0m	main.main.func1:54	svr.ListenAndServe	{"error": "http: Server closed"}
2022-10-06T12:52:44.440+0800	[34mINFO[0m	main.main:68	server exit!
2022-10-06T21:56:14.018+0800	[34mINFO[0m	github.com/xjian2021/bluebell/logger.Init:79	logger init success...
2022-10-06T21:56:14.094+0800	[34mINFO[0m	github.com/xjian2021/bluebell/dao/mysql.Init:34	init mysql success...
2022-10-06T21:56:14.123+0800	[34mINFO[0m	github.com/xjian2021/bluebell/dao/redis.Init:24	redis init success...
2022-10-06T21:57:02.811+0800	[34mINFO[0m	github.com/xjian2021/bluebell/logger.Init:79	logger init success...
2022-10-06T21:57:02.859+0800	[34mINFO[0m	github.com/xjian2021/bluebell/dao/mysql.Init:34	init mysql success...
2022-10-06T21:57:02.889+0800	[34mINFO[0m	github.com/xjian2021/bluebell/dao/redis.Init:24	redis init success...
2022-10-06T21:57:02.890+0800	[34mINFO[0m	main.main:58	hello world!
2022-10-06T21:57:49.129+0800	[35mDEBUG[0m	github.com/xjian2021/bluebell/controller.LoginHandler:35	/login::1 -> LoginInput:&{Username:zpj Password:123456}
2022-10-06T21:57:49.145+0800	[34mINFO[0m	github.com/xjian2021/bluebell/logger.GinLogger.func1:134	/login	{"status": 200, "method": "POST", "path": "/login", "query": "", "ip": "::1", "user-agent": "apifox/1.0.0 (https://www.apifox.cn)", "errors": "", "cost": "15.9444ms"}
2022-10-06T23:19:39.787+0800	[35mDEBUG[0m	main.main:62	close server...	{"signal": "interrupt"}
2022-10-06T23:19:39.787+0800	[34mINFO[0m	main.main.func1:54	svr.ListenAndServe	{"error": "http: Server closed"}
2022-10-06T23:19:39.788+0800	[34mINFO[0m	main.main:68	server exit!
2022-10-07T00:27:42.936+0800	[34mINFO[0m	github.com/xjian2021/bluebell/logger.Init:79	logger init success...
2022-10-07T00:27:43.014+0800	[34mINFO[0m	github.com/xjian2021/bluebell/dao/mysql.Init:34	init mysql success...
2022-10-07T00:27:43.046+0800	[34mINFO[0m	github.com/xjian2021/bluebell/dao/redis.Init:24	redis init success...
2022-10-07T00:27:43.047+0800	[34mINFO[0m	main.main:58	hello world!
2022-10-07T00:28:47.668+0800	[35mDEBUG[0m	github.com/xjian2021/bluebell/controller.LoginHandler:35	/login::1 -> LoginInput:&{Username:zpj Password:123456}
2022-10-07T00:28:47.693+0800	[34mINFO[0m	github.com/xjian2021/bluebell/logger.GinLogger.func1:134	/login	{"status": 200, "method": "POST", "path": "/login", "query": "", "ip": "::1", "user-agent": "apifox/1.0.0 (https://www.apifox.cn)", "errors": "", "cost": "25.3509ms"}
2022-10-07T00:28:57.822+0800	[31mERROR[0m	github.com/xjian2021/bluebell/controller.HandleError:32		/auth-token::2 -> handler fail err:æ— æ•ˆtoken
2022-10-07T00:28:57.822+0800	[34mINFO[0m	github.com/xjian2021/bluebell/logger.GinLogger.func1:134	/auth-token	{"status": 200, "method": "POST", "path": "/auth-token", "query": "", "ip": "::1", "user-agent": "apifox/1.0.0 (https://www.apifox.cn)", "errors": "", "cost": "136.2Âµs"}
2022-10-07T00:30:22.781+0800	[35mDEBUG[0m	main.main:62	close server...	{"signal": "interrupt"}
2022-10-07T00:30:22.782+0800	[34mINFO[0m	main.main.func1:54	svr.ListenAndServe	{"error": "http: Server closed"}
2022-10-07T00:30:22.783+0800	[34mINFO[0m	main.main:68	server exit!
2022-10-07T00:30:24.465+0800	[34mINFO[0m	github.com/xjian2021/bluebell/logger.Init:79	logger init success...
2022-10-07T00:30:24.516+0800	[34mINFO[0m	github.com/xjian2021/bluebell/dao/mysql.Init:34	init mysql success...
2022-10-07T00:30:24.533+0800	[34mINFO[0m	github.com/xjian2021/bluebell/dao/redis.Init:24	redis init success...
2022-10-07T00:30:24.535+0800	[34mINFO[0m	main.main:58	hello world!
2022-10-07T00:30:27.942+0800	[31mERROR[0m	github.com/xjian2021/bluebell/controller.HandleError:32		/auth-token::1 -> handler fail err:æ— æ•ˆtoken
2022-10-07T00:30:27.942+0800	[34mINFO[0m	github.com/xjian2021/bluebell/logger.GinLogger.func1:134	/auth-token	{"status": 200, "method": "POST", "path": "/auth-token", "query": "", "ip": "::1", "user-agent": "apifox/1.0.0 (https://www.apifox.cn)", "errors": "", "cost": "191.5Âµs"}
2022-10-07T00:31:42.736+0800	[35mDEBUG[0m	main.main:62	close server...	{"signal": "interrupt"}
2022-10-07T00:31:42.737+0800	[34mINFO[0m	main.main.func1:54	svr.ListenAndServe	{"error": "http: Server closed"}
2022-10-07T00:31:42.738+0800	[34mINFO[0m	main.main:68	server exit!
2022-10-07T00:32:39.632+0800	[34mINFO[0m	github.com/xjian2021/bluebell/logger.Init:79	logger init success...
2022-10-07T00:32:39.711+0800	[34mINFO[0m	github.com/xjian2021/bluebell/dao/mysql.Init:34	init mysql success...
2022-10-07T00:32:39.740+0800	[34mINFO[0m	github.com/xjian2021/bluebell/dao/redis.Init:24	redis init success...
2022-10-07T00:32:39.740+0800	[34mINFO[0m	main.main:58	hello world!
2022-10-07T00:32:43.029+0800	[31mERROR[0m	github.com/xjian2021/bluebell/controller.HandleError:32		/auth-token::1 -> handler fail err:æ— æ•ˆtoken
2022-10-07T00:32:43.029+0800	[34mINFO[0m	github.com/xjian2021/bluebell/logger.GinLogger.func1:134	/auth-token	{"status": 200, "method": "POST", "path": "/auth-token", "query": "", "ip": "::1", "user-agent": "apifox/1.0.0 (https://www.apifox.cn)", "errors": "", "cost": "179.5Âµs"}
2022-10-07T00:33:59.906+0800	[35mDEBUG[0m	main.main:62	close server...	{"signal": "interrupt"}
2022-10-07T00:33:59.906+0800	[34mINFO[0m	main.main.func1:54	svr.ListenAndServe	{"error": "http: Server closed"}
2022-10-07T00:33:59.907+0800	[34mINFO[0m	main.main:68	server exit!
2022-10-07T00:34:01.503+0800	[34mINFO[0m	github.com/xjian2021/bluebell/logger.Init:79	logger init success...
2022-10-07T00:34:01.581+0800	[34mINFO[0m	github.com/xjian2021/bluebell/dao/mysql.Init:34	init mysql success...
2022-10-07T00:34:01.604+0800	[34mINFO[0m	github.com/xjian2021/bluebell/dao/redis.Init:24	redis init success...
2022-10-07T00:34:01.605+0800	[34mINFO[0m	main.main:58	hello world!
2022-10-07T00:34:03.653+0800	[31mERROR[0m	github.com/xjian2021/bluebell/controller.HandleError:32		/auth-token::1 -> handler fail err:æ— æ•ˆtoken
2022-10-07T00:34:03.654+0800	[34mINFO[0m	github.com/xjian2021/bluebell/logger.GinLogger.func1:134	/auth-token	{"status": 200, "method": "POST", "path": "/auth-token", "query": "", "ip": "::1", "user-agent": "apifox/1.0.0 (https://www.apifox.cn)", "errors": "", "cost": "177.2Âµs"}
2022-10-07T00:35:02.245+0800	[35mDEBUG[0m	main.main:62	close server...	{"signal": "interrupt"}
2022-10-07T00:35:02.245+0800	[34mINFO[0m	main.main.func1:54	svr.ListenAndServe	{"error": "http: Server closed"}
2022-10-07T00:35:02.246+0800	[34mINFO[0m	main.main:68	server exit!
2022-10-07T00:35:03.763+0800	[34mINFO[0m	github.com/xjian2021/bluebell/logger.Init:79	logger init success...
2022-10-07T00:35:03.845+0800	[34mINFO[0m	github.com/xjian2021/bluebell/dao/mysql.Init:34	init mysql success...
2022-10-07T00:35:03.863+0800	[34mINFO[0m	github.com/xjian2021/bluebell/dao/redis.Init:24	redis init success...
2022-10-07T00:35:03.863+0800	[34mINFO[0m	main.main:58	hello world!
2022-10-07T00:35:05.817+0800	[34mINFO[0m	github.com/xjian2021/bluebell/logger.GinLogger.func1:134	/auth-token	{"status": 200, "method": "POST", "path": "/auth-token", "query": "", "ip": "::1", "user-agent": "apifox/1.0.0 (https://www.apifox.cn)", "errors": "", "cost": "104.9Âµs"}
2022-10-07T00:38:08.412+0800	[35mDEBUG[0m	main.main:62	close server...	{"signal": "interrupt"}
2022-10-07T00:38:08.414+0800	[34mINFO[0m	main.main.func1:54	svr.ListenAndServe	{"error": "http: Server closed"}
2022-10-07T00:38:08.414+0800	[34mINFO[0m	main.main:68	server exit!
2022-10-07T00:38:13.248+0800	[34mINFO[0m	github.com/xjian2021/bluebell/logger.Init:79	logger init success...
2022-10-07T00:38:13.317+0800	[34mINFO[0m	github.com/xjian2021/bluebell/dao/mysql.Init:34	init mysql success...
2022-10-07T00:38:13.336+0800	[34mINFO[0m	github.com/xjian2021/bluebell/dao/redis.Init:24	redis init success...
2022-10-07T00:38:13.337+0800	[34mINFO[0m	main.main:58	hello world!
2022-10-07T00:38:15.008+0800	[35mDEBUG[0m	github.com/xjian2021/bluebell/middlewares.JwtAuth.func1:33	/auth-token::1 -> Authorization token:Bearer eyJhbGciOiJIUzI1NiIsInR5cCI6IkpXVCJ9.eyJ1c2VyX2lkIjoxNzAwODQ2MTI3NTUwNDY0LCJ1c2VybmFtZSI6InpwaiIsImV4cCI6MTY2NTA4MDkyNywiaXNzIjoiYmx1ZWJlbGwifQ.-Gm2D3boedIea2rmqqm16Mw89bvfKWdbK5mDkSRrIEA
2022-10-07T00:38:15.008+0800	[34mINFO[0m	github.com/xjian2021/bluebell/logger.GinLogger.func1:134	/auth-token	{"status": 200, "method": "POST", "path": "/auth-token", "query": "", "ip": "::1", "user-agent": "apifox/1.0.0 (https://www.apifox.cn)", "errors": "", "cost": "162.4Âµs"}
2022-10-07T00:46:06.103+0800	[35mDEBUG[0m	main.main:62	close server...	{"signal": "interrupt"}
2022-10-07T00:46:06.104+0800	[34mINFO[0m	main.main.func1:54	svr.ListenAndServe	{"error": "http: Server closed"}
2022-10-07T00:46:06.106+0800	[34mINFO[0m	main.main:68	server exit!
2022-10-07T00:49:08.566+0800	[34mINFO[0m	github.com/xjian2021/bluebell/logger.Init:79	logger init success...
2022-10-07T00:49:08.660+0800	[34mINFO[0m	github.com/xjian2021/bluebell/dao/mysql.Init:34	init mysql success...
2022-10-07T00:49:08.695+0800	[34mINFO[0m	github.com/xjian2021/bluebell/dao/redis.Init:24	redis init success...
2022-10-07T00:49:08.698+0800	[34mINFO[0m	main.main:58	hello world!
2022-10-07T00:49:11.288+0800	[35mDEBUG[0m	github.com/xjian2021/bluebell/middlewares.JwtAuth.func1:29	/auth-token::1 -> Authorization token:Bearer eyJhbGciOiJIUzI1NiIsInR5cCI6IkpXVCJ9.eyJ1c2VyX2lkIjoxNzAwODQ2MTI3NTUwNDY0LCJ1c2VybmFtZSI6InpwaiIsImV4cCI6MTY2NTA4MDkyNywiaXNzIjoiYmx1ZWJlbGwifQ.-Gm2D3boedIea2rmqqm16Mw89bvfKWdbK5mDkSRrIEA
2022-10-07T00:49:11.288+0800	[34mINFO[0m	github.com/xjian2021/bluebell/logger.GinLogger.func1:134	/auth-token	{"status": 200, "method": "POST", "path": "/auth-token", "query": "", "ip": "::1", "user-agent": "apifox/1.0.0 (https://www.apifox.cn)", "errors": "", "cost": "209.2Âµs"}
2022-10-07T00:49:15.657+0800	[35mDEBUG[0m	main.main:62	close server...	{"signal": "interrupt"}
2022-10-07T00:49:15.658+0800	[34mINFO[0m	main.main.func1:54	svr.ListenAndServe	{"error": "http: Server closed"}
2022-10-07T00:49:15.659+0800	[34mINFO[0m	main.main:68	server exit!
2022-10-09T23:25:17.575+0800	[34mINFO[0m	github.com/xjian2021/bluebell/logger.Init:79	logger init success...
2022-10-09T23:25:17.680+0800	[34mINFO[0m	github.com/xjian2021/bluebell/dao/mysql.Init:34	init mysql success...
2022-10-09T23:25:17.707+0800	[34mINFO[0m	github.com/xjian2021/bluebell/dao/redis.Init:24	redis init success...
2022-10-09T23:25:17.707+0800	[34mINFO[0m	main.main:58	hello world!
2022-10-09T23:25:17.707+0800	[34mINFO[0m	main.main.func1:54	svr.ListenAndServe	{"error": "listen tcp :8080: bind: address already in use"}
2022-10-09T23:25:48.165+0800	[34mINFO[0m	github.com/xjian2021/bluebell/settings.Init.func1:71	config change!!!	{"name": "/home/zpj/data/bluebell/conf/config.yaml", "op": "WRITE"}
2022-10-09T23:25:48.165+0800	[34mINFO[0m	github.com/xjian2021/bluebell/settings.Init.func1:71	config change!!!	{"name": "/home/zpj/data/bluebell/conf/config.yaml", "op": "WRITE"}
2022-10-09T23:25:48.165+0800	[34mINFO[0m	github.com/xjian2021/bluebell/settings.Init.func1:71	config change!!!	{"name": "/home/zpj/data/bluebell/conf/config.yaml", "op": "WRITE"}
2022-10-09T23:25:51.514+0800	[35mDEBUG[0m	main.main:62	close server...	{"signal": "interrupt"}
2022-10-09T23:25:51.514+0800	[34mINFO[0m	main.main:68	server exit!
2022-10-09T23:25:54.651+0800	[34mINFO[0m	github.com/xjian2021/bluebell/logger.Init:79	logger init success...
2022-10-09T23:25:54.738+0800	[34mINFO[0m	github.com/xjian2021/bluebell/dao/mysql.Init:34	init mysql success...
2022-10-09T23:25:54.768+0800	[34mINFO[0m	github.com/xjian2021/bluebell/dao/redis.Init:24	redis init success...
2022-10-09T23:25:54.769+0800	[34mINFO[0m	main.main:58	hello world!
2022-10-09T23:25:59.623+0800	[34mINFO[0m	github.com/xjian2021/bluebell/logger.GinLogger.func1:134	/api/v1/login	{"status": 200, "method": "POST", "path": "/api/v1/login", "query": "", "ip": "127.0.0.1", "user-agent": "Mozilla/5.0 (Windows NT 10.0; Win64; x64) AppleWebKit/537.36 (KHTML, like Gecko) Chrome/106.0.0.0 Safari/537.36 Edg/106.0.1370.37", "errors": "", "cost": "36Âµs"}
2022-10-09T23:31:53.486+0800	[34mINFO[0m	github.com/xjian2021/bluebell/logger.GinLogger.func1:134	/api/v1/login	{"status": 200, "method": "POST", "path": "/api/v1/login", "query": "", "ip": "127.0.0.1", "user-agent": "Mozilla/5.0 (Windows NT 10.0; Win64; x64) AppleWebKit/537.36 (KHTML, like Gecko) Chrome/106.0.0.0 Safari/537.36 Edg/106.0.1370.37", "errors": "", "cost": "75.6Âµs"}
2022-10-09T23:49:18.646+0800	[34mINFO[0m	github.com/xjian2021/bluebell/logger.GinLogger.func1:134	/api/v1/login	{"status": 200, "method": "POST", "path": "/api/v1/login", "query": "", "ip": "127.0.0.1", "user-agent": "Mozilla/5.0 (Windows NT 10.0; Win64; x64) AppleWebKit/537.36 (KHTML, like Gecko) Chrome/106.0.0.0 Safari/537.36 Edg/106.0.1370.37", "errors": "", "cost": "127.5Âµs"}
2022-10-09T23:50:08.336+0800	[34mINFO[0m	github.com/xjian2021/bluebell/logger.GinLogger.func1:134	/35b630d0f3f717530a33.hot-update.json	{"status": 200, "method": "GET", "path": "/35b630d0f3f717530a33.hot-update.json", "query": "", "ip": "127.0.0.1", "user-agent": "Mozilla/5.0 (Windows NT 10.0; Win64; x64) AppleWebKit/537.36 (KHTML, like Gecko) Chrome/106.0.0.0 Safari/537.36 Edg/106.0.1370.37", "errors": "", "cost": "24.6Âµs"}
2022-10-09T23:50:16.402+0800	[34mINFO[0m	github.com/xjian2021/bluebell/logger.GinLogger.func1:134	/login	{"status": 200, "method": "GET", "path": "/login", "query": "", "ip": "127.0.0.1", "user-agent": "Mozilla/5.0 (Windows NT 10.0; Win64; x64) AppleWebKit/537.36 (KHTML, like Gecko) Chrome/106.0.0.0 Safari/537.36 Edg/106.0.1370.37", "errors": "", "cost": "28.3Âµs"}
2022-10-09T23:50:16.921+0800	[34mINFO[0m	github.com/xjian2021/bluebell/logger.GinLogger.func1:134	/favicon.ico	{"status": 200, "method": "GET", "path": "/favicon.ico", "query": "", "ip": "127.0.0.1", "user-agent": "Mozilla/5.0 (Windows NT 10.0; Win64; x64) AppleWebKit/537.36 (KHTML, like Gecko) Chrome/106.0.0.0 Safari/537.36 Edg/106.0.1370.37", "errors": "", "cost": "74.3Âµs"}
2022-10-09T23:50:45.880+0800	[34mINFO[0m	github.com/xjian2021/bluebell/logger.GinLogger.func1:134	/login	{"status": 200, "method": "GET", "path": "/login", "query": "", "ip": "127.0.0.1", "user-agent": "Mozilla/5.0 (Windows NT 10.0; Win64; x64) AppleWebKit/537.36 (KHTML, like Gecko) Chrome/106.0.0.0 Safari/537.36 Edg/106.0.1370.37", "errors": "", "cost": "27.9Âµs"}
2022-10-09T23:50:46.371+0800	[34mINFO[0m	github.com/xjian2021/bluebell/logger.GinLogger.func1:134	/favicon.ico	{"status": 200, "method": "GET", "path": "/favicon.ico", "query": "", "ip": "127.0.0.1", "user-agent": "Mozilla/5.0 (Windows NT 10.0; Win64; x64) AppleWebKit/537.36 (KHTML, like Gecko) Chrome/106.0.0.0 Safari/537.36 Edg/106.0.1370.37", "errors": "", "cost": "25.1Âµs"}
2022-10-09T23:50:46.624+0800	[34mINFO[0m	github.com/xjian2021/bluebell/logger.GinLogger.func1:134	/login	{"status": 200, "method": "GET", "path": "/login", "query": "", "ip": "127.0.0.1", "user-agent": "Mozilla/5.0 (Windows NT 10.0; Win64; x64) AppleWebKit/537.36 (KHTML, like Gecko) Chrome/106.0.0.0 Safari/537.36 Edg/106.0.1370.37", "errors": "", "cost": "28Âµs"}
2022-10-09T23:50:47.116+0800	[34mINFO[0m	github.com/xjian2021/bluebell/logger.GinLogger.func1:134	/favicon.ico	{"status": 200, "method": "GET", "path": "/favicon.ico", "query": "", "ip": "127.0.0.1", "user-agent": "Mozilla/5.0 (Windows NT 10.0; Win64; x64) AppleWebKit/537.36 (KHTML, like Gecko) Chrome/106.0.0.0 Safari/537.36 Edg/106.0.1370.37", "errors": "", "cost": "24.3Âµs"}
2022-10-09T23:50:47.377+0800	[34mINFO[0m	github.com/xjian2021/bluebell/logger.GinLogger.func1:134	/login	{"status": 200, "method": "GET", "path": "/login", "query": "", "ip": "127.0.0.1", "user-agent": "Mozilla/5.0 (Windows NT 10.0; Win64; x64) AppleWebKit/537.36 (KHTML, like Gecko) Chrome/106.0.0.0 Safari/537.36 Edg/106.0.1370.37", "errors": "", "cost": "45.8Âµs"}
2022-10-09T23:50:47.592+0800	[34mINFO[0m	github.com/xjian2021/bluebell/logger.GinLogger.func1:134	/favicon.ico	{"status": 200, "method": "GET", "path": "/favicon.ico", "query": "", "ip": "127.0.0.1", "user-agent": "Mozilla/5.0 (Windows NT 10.0; Win64; x64) AppleWebKit/537.36 (KHTML, like Gecko) Chrome/106.0.0.0 Safari/537.36 Edg/106.0.1370.37", "errors": "", "cost": "27.8Âµs"}
2022-10-09T23:50:48.324+0800	[34mINFO[0m	github.com/xjian2021/bluebell/logger.GinLogger.func1:134	/login	{"status": 200, "method": "GET", "path": "/login", "query": "", "ip": "127.0.0.1", "user-agent": "Mozilla/5.0 (Windows NT 10.0; Win64; x64) AppleWebKit/537.36 (KHTML, like Gecko) Chrome/106.0.0.0 Safari/537.36 Edg/106.0.1370.37", "errors": "", "cost": "45.6Âµs"}
2022-10-09T23:50:48.576+0800	[34mINFO[0m	github.com/xjian2021/bluebell/logger.GinLogger.func1:134	/favicon.ico	{"status": 200, "method": "GET", "path": "/favicon.ico", "query": "", "ip": "127.0.0.1", "user-agent": "Mozilla/5.0 (Windows NT 10.0; Win64; x64) AppleWebKit/537.36 (KHTML, like Gecko) Chrome/106.0.0.0 Safari/537.36 Edg/106.0.1370.37", "errors": "", "cost": "25.8Âµs"}
2022-10-09T23:53:47.662+0800	[35mDEBUG[0m	main.main:62	close server...	{"signal": "interrupt"}
2022-10-09T23:53:47.662+0800	[34mINFO[0m	main.main.func1:54	svr.ListenAndServe	{"error": "http: Server closed"}
2022-10-09T23:53:47.663+0800	[34mINFO[0m	main.main:68	server exit!
2022-10-09T23:53:50.219+0800	[34mINFO[0m	github.com/xjian2021/bluebell/logger.Init:79	logger init success...
2022-10-09T23:53:50.262+0800	[34mINFO[0m	github.com/xjian2021/bluebell/dao/mysql.Init:34	init mysql success...
2022-10-09T23:53:50.279+0800	[34mINFO[0m	github.com/xjian2021/bluebell/dao/redis.Init:24	redis init success...
2022-10-09T23:53:50.279+0800	[34mINFO[0m	main.main:58	hello world!
2022-10-09T23:54:46.971+0800	[35mDEBUG[0m	github.com/xjian2021/bluebell/controller.LoginHandler:34	/api/v1/login::1 -> LoginInput:&{Username:aa Password:asdad}
2022-10-09T23:54:46.987+0800	[31mERROR[0m	github.com/xjian2021/bluebell/controller.HandleOutput:48	/api/v1/login::1 -> handler fail err:sql: no rows in result set
2022-10-09T23:54:46.991+0800	[34mINFO[0m	github.com/xjian2021/bluebell/logger.GinLogger.func1:134	/api/v1/login	{"status": 200, "method": "POST", "path": "/api/v1/login", "query": "", "ip": "127.0.0.1", "user-agent": "Mozilla/5.0 (Windows NT 10.0; Win64; x64) AppleWebKit/537.36 (KHTML, like Gecko) Chrome/106.0.0.0 Safari/537.36 Edg/106.0.1370.37", "errors": "", "cost": "20.171ms"}
2022-10-09T23:55:18.938+0800	[35mDEBUG[0m	github.com/xjian2021/bluebell/controller.LoginHandler:34	/api/v1/login::2 -> LoginInput:&{Username:zpj Password:123456}
2022-10-09T23:55:18.956+0800	[34mINFO[0m	github.com/xjian2021/bluebell/logger.GinLogger.func1:134	/api/v1/login	{"status": 200, "method": "POST", "path": "/api/v1/login", "query": "", "ip": "127.0.0.1", "user-agent": "Mozilla/5.0 (Windows NT 10.0; Win64; x64) AppleWebKit/537.36 (KHTML, like Gecko) Chrome/106.0.0.0 Safari/537.36 Edg/106.0.1370.37", "errors": "", "cost": "18.0424ms"}
2022-10-09T23:55:19.185+0800	[34mINFO[0m	github.com/xjian2021/bluebell/logger.GinLogger.func1:134	/api/v1/posts2	{"status": 200, "method": "GET", "path": "/api/v1/posts2", "query": "page=1&order=time", "ip": "127.0.0.1", "user-agent": "Mozilla/5.0 (Windows NT 10.0; Win64; x64) AppleWebKit/537.36 (KHTML, like Gecko) Chrome/106.0.0.0 Safari/537.36 Edg/106.0.1370.37", "errors": "", "cost": "34Âµs"}
2022-10-10T00:00:39.896+0800	[34mINFO[0m	github.com/xjian2021/bluebell/logger.GinLogger.func1:134	/api/v1/posts2	{"status": 200, "method": "GET", "path": "/api/v1/posts2", "query": "page=1&order=time", "ip": "127.0.0.1", "user-agent": "Mozilla/5.0 (Windows NT 10.0; Win64; x64) AppleWebKit/537.36 (KHTML, like Gecko) Chrome/106.0.0.0 Safari/537.36 Edg/106.0.1370.37", "errors": "", "cost": "105.1Âµs"}
2022-10-10T00:08:23.464+0800	[34mINFO[0m	github.com/xjian2021/bluebell/logger.GinLogger.func1:134	/api/v1/posts2	{"status": 200, "method": "GET", "path": "/api/v1/posts2", "query": "page=1&order=time", "ip": "127.0.0.1", "user-agent": "Mozilla/5.0 (Windows NT 10.0; Win64; x64) AppleWebKit/537.36 (KHTML, like Gecko) Chrome/106.0.0.0 Safari/537.36 Edg/106.0.1370.37", "errors": "", "cost": "31.6Âµs"}
2022-10-10T00:08:42.098+0800	[34mINFO[0m	github.com/xjian2021/bluebell/logger.GinLogger.func1:134	/api/v1/posts2	{"status": 200, "method": "GET", "path": "/api/v1/posts2", "query": "page=1&order=time", "ip": "127.0.0.1", "user-agent": "Mozilla/5.0 (Windows NT 10.0; Win64; x64) AppleWebKit/537.36 (KHTML, like Gecko) Chrome/106.0.0.0 Safari/537.36 Edg/106.0.1370.37", "errors": "", "cost": "30.5Âµs"}
2022-10-10T00:10:19.408+0800	[35mDEBUG[0m	github.com/xjian2021/bluebell/controller.LoginHandler:34	/api/v1/login::3 -> LoginInput:&{Username:zpj Password:123456}
2022-10-10T00:10:19.423+0800	[34mINFO[0m	github.com/xjian2021/bluebell/logger.GinLogger.func1:134	/api/v1/login	{"status": 200, "method": "POST", "path": "/api/v1/login", "query": "", "ip": "127.0.0.1", "user-agent": "Mozilla/5.0 (Windows NT 10.0; Win64; x64) AppleWebKit/537.36 (KHTML, like Gecko) Chrome/106.0.0.0 Safari/537.36 Edg/106.0.1370.37", "errors": "", "cost": "15.3194ms"}
2022-10-10T00:10:19.655+0800	[34mINFO[0m	github.com/xjian2021/bluebell/logger.GinLogger.func1:134	/api/v1/posts2	{"status": 200, "method": "GET", "path": "/api/v1/posts2", "query": "page=1&order=time", "ip": "127.0.0.1", "user-agent": "Mozilla/5.0 (Windows NT 10.0; Win64; x64) AppleWebKit/537.36 (KHTML, like Gecko) Chrome/106.0.0.0 Safari/537.36 Edg/106.0.1370.37", "errors": "", "cost": "36.6Âµs"}
2022-10-10T00:14:05.294+0800	[34mINFO[0m	github.com/xjian2021/bluebell/logger.GinLogger.func1:134	/api/v1/posts2	{"status": 200, "method": "GET", "path": "/api/v1/posts2", "query": "page=1&order=time", "ip": "127.0.0.1", "user-agent": "Mozilla/5.0 (Windows NT 10.0; Win64; x64) AppleWebKit/537.36 (KHTML, like Gecko) Chrome/106.0.0.0 Safari/537.36 Edg/106.0.1370.37", "errors": "", "cost": "32.2Âµs"}
2022-10-10T00:15:10.218+0800	[34mINFO[0m	github.com/xjian2021/bluebell/logger.GinLogger.func1:134	/api/v1/posts2	{"status": 200, "method": "GET", "path": "/api/v1/posts2", "query": "page=1&order=time", "ip": "127.0.0.1", "user-agent": "Mozilla/5.0 (Windows NT 10.0; Win64; x64) AppleWebKit/537.36 (KHTML, like Gecko) Chrome/106.0.0.0 Safari/537.36 Edg/106.0.1370.37", "errors": "", "cost": "30.2Âµs"}
2022-10-10T00:15:25.135+0800	[34mINFO[0m	github.com/xjian2021/bluebell/logger.GinLogger.func1:134	/api/v1/posts2	{"status": 200, "method": "GET", "path": "/api/v1/posts2", "query": "page=1&order=time", "ip": "127.0.0.1", "user-agent": "Mozilla/5.0 (Windows NT 10.0; Win64; x64) AppleWebKit/537.36 (KHTML, like Gecko) Chrome/106.0.0.0 Safari/537.36 Edg/106.0.1370.37", "errors": "", "cost": "31.6Âµs"}
2022-10-10T00:19:21.439+0800	[31mERROR[0m	github.com/xjian2021/bluebell/controller.SignUpHandler:16	/api/v1/sign-up::4 -> BindJSON fail err:SignUpInput.Email: Emailä¸ºå¿…å¡«å­—æ®µ; SignUpInput.Age: Ageå¿…é¡»å¤§äºŽæˆ–ç­‰äºŽ1;
2022-10-10T00:19:21.439+0800	[34mINFO[0m	github.com/xjian2021/bluebell/logger.GinLogger.func1:134	/api/v1/sign-up	{"status": 200, "method": "POST", "path": "/api/v1/sign-up", "query": "", "ip": "127.0.0.1", "user-agent": "Mozilla/5.0 (Windows NT 10.0; Win64; x64) AppleWebKit/537.36 (KHTML, like Gecko) Chrome/106.0.0.0 Safari/537.36 Edg/106.0.1370.37", "errors": "", "cost": "220.4Âµs"}
2022-10-10T00:27:02.593+0800	[35mDEBUG[0m	main.main:62	close server...	{"signal": "interrupt"}
2022-10-10T00:27:02.593+0800	[34mINFO[0m	main.main.func1:54	svr.ListenAndServe	{"error": "http: Server closed"}
2022-10-10T00:27:02.595+0800	[34mINFO[0m	main.main:68	server exit!
2022-10-10T00:38:43.529+0800	[34mINFO[0m	github.com/xjian2021/bluebell/logger.Init:79	logger init success...
2022-10-10T00:38:43.625+0800	[34mINFO[0m	github.com/xjian2021/bluebell/dao/mysql.Init:34	init mysql success...
2022-10-10T00:38:43.644+0800	[34mINFO[0m	github.com/xjian2021/bluebell/dao/redis.Init:24	redis init success...
2022-10-10T00:38:43.646+0800	[34mINFO[0m	main.main:58	hello world!
2022-10-10T00:38:49.427+0800	[35mDEBUG[0m	main.main:62	close server...	{"signal": "interrupt"}
2022-10-10T00:38:49.427+0800	[34mINFO[0m	main.main.func1:54	svr.ListenAndServe	{"error": "http: Server closed"}
2022-10-10T00:38:49.429+0800	[34mINFO[0m	main.main:68	server exit!
2022-10-11T14:34:44.273+0800	[34mINFO[0m	github.com/xjian2021/bluebell/logger.Init:79	logger init success...
2022-10-11T14:34:44.319+0800	[34mINFO[0m	github.com/xjian2021/bluebell/dao/mysql.Init:34	init mysql success...
2022-10-11T14:34:44.336+0800	[34mINFO[0m	github.com/xjian2021/bluebell/dao/redis.Init:24	redis init success...
2022-10-11T14:34:44.337+0800	[34mINFO[0m	main.main:58	hello world!
2022-10-11T14:35:13.778+0800	[34mINFO[0m	github.com/xjian2021/bluebell/logger.GinLogger.func1:134	/sign-up	{"status": 200, "method": "POST", "path": "/sign-up", "query": "", "ip": "::1", "user-agent": "apifox/1.0.0 (https://www.apifox.cn)", "errors": "", "cost": "110.743Âµs"}
2022-10-11T14:35:31.283+0800	[35mDEBUG[0m	main.main:62	close server...	{"signal": "interrupt"}
2022-10-11T14:35:31.284+0800	[34mINFO[0m	main.main.func1:54	svr.ListenAndServe	{"error": "http: Server closed"}
2022-10-11T14:35:31.285+0800	[34mINFO[0m	main.main:68	server exit!
2022-10-11T17:12:13.399+0800	[34mINFO[0m	github.com/xjian2021/bluebell/logger.Init:79	logger init success...
2022-10-11T17:12:13.449+0800	[34mINFO[0m	github.com/xjian2021/bluebell/dao/mysql.Init:34	init mysql success...
2022-10-11T17:12:13.473+0800	[34mINFO[0m	github.com/xjian2021/bluebell/dao/redis.Init:24	redis init success...
2022-10-11T17:12:13.474+0800	[34mINFO[0m	main.main:58	hello world!
2022-10-11T17:12:16.828+0800	[35mDEBUG[0m	github.com/xjian2021/bluebell/controller.LoginHandler:34	/api/v1/login::1 -> LoginInput:&{Username:zpj Password:123456}
2022-10-11T17:12:16.847+0800	[34mINFO[0m	github.com/xjian2021/bluebell/logger.GinLogger.func1:134	/api/v1/login	{"status": 200, "method": "POST", "path": "/api/v1/login", "query": "", "ip": "::1", "user-agent": "Mozilla/5.0 (Macintosh; Intel Mac OS X 10_15_7) AppleWebKit/537.36 (KHTML, like Gecko) Chrome/106.0.0.0 Safari/537.36", "errors": "", "cost": "19.89423ms"}
2022-10-11T17:12:17.166+0800	[34mINFO[0m	github.com/xjian2021/bluebell/logger.GinLogger.func1:134	/api/v1/posts2	{"status": 200, "method": "GET", "path": "/api/v1/posts2", "query": "page=1&order=time", "ip": "::1", "user-agent": "Mozilla/5.0 (Macintosh; Intel Mac OS X 10_15_7) AppleWebKit/537.36 (KHTML, like Gecko) Chrome/106.0.0.0 Safari/537.36", "errors": "", "cost": "97.573Âµs"}
2022-10-11T17:29:15.076+0800	[35mDEBUG[0m	main.main:62	close server...	{"signal": "interrupt"}
2022-10-11T17:29:15.078+0800	[34mINFO[0m	main.main:68	server exit!
2022-10-11T17:29:15.078+0800	[34mINFO[0m	main.main.func1:54	svr.ListenAndServe	{"error": "http: Server closed"}
2022-10-11T17:42:40.178+0800	[34mINFO[0m	github.com/xjian2021/bluebell/logger.Init:79	logger init success...
2022-10-11T17:42:40.231+0800	[34mINFO[0m	github.com/xjian2021/bluebell/dao/mysql.Init:34	init mysql success...
2022-10-11T17:42:40.249+0800	[34mINFO[0m	github.com/xjian2021/bluebell/dao/redis.Init:24	redis init success...
2022-10-11T17:42:40.251+0800	[34mINFO[0m	main.main:58	hello world!
2022-10-11T17:43:00.771+0800	[34mINFO[0m	github.com/xjian2021/bluebell/logger.Init:79	logger init success...
2022-10-11T17:43:00.808+0800	[34mINFO[0m	github.com/xjian2021/bluebell/dao/mysql.Init:34	init mysql success...
2022-10-11T17:43:00.829+0800	[34mINFO[0m	github.com/xjian2021/bluebell/dao/redis.Init:24	redis init success...
2022-10-11T17:43:00.829+0800	[34mINFO[0m	main.main:58	hello world!
2022-10-11T17:43:07.097+0800	[34mINFO[0m	github.com/xjian2021/bluebell/logger.Init:79	logger init success...
2022-10-11T17:43:07.157+0800	[34mINFO[0m	github.com/xjian2021/bluebell/dao/mysql.Init:34	init mysql success...
2022-10-11T17:43:07.175+0800	[34mINFO[0m	github.com/xjian2021/bluebell/dao/redis.Init:24	redis init success...
2022-10-11T17:43:07.176+0800	[34mINFO[0m	main.main:58	hello world!
2022-10-12T09:07:12.737+0800	[34mINFO[0m	github.com/xjian2021/bluebell/logger.Init:79	logger init success...
2022-10-12T09:07:12.819+0800	[34mINFO[0m	github.com/xjian2021/bluebell/dao/mysql.Init:34	init mysql success...
2022-10-12T09:07:12.843+0800	[34mINFO[0m	github.com/xjian2021/bluebell/dao/redis.Init:24	redis init success...
2022-10-12T09:07:12.844+0800	[34mINFO[0m	main.main:58	hello world!
2022-10-12T09:11:47.034+0800	[34mINFO[0m	github.com/xjian2021/bluebell/logger.Init:79	logger init success...
2022-10-12T09:11:47.086+0800	[34mINFO[0m	github.com/xjian2021/bluebell/dao/mysql.Init:34	init mysql success...
2022-10-12T09:11:47.102+0800	[34mINFO[0m	github.com/xjian2021/bluebell/dao/redis.Init:24	redis init success...
2022-10-12T09:11:47.103+0800	[34mINFO[0m	main.main:58	hello world!
2022-10-12T09:12:01.792+0800	[34mINFO[0m	github.com/xjian2021/bluebell/logger.Init:79	logger init success...
2022-10-12T09:12:01.840+0800	[34mINFO[0m	github.com/xjian2021/bluebell/dao/mysql.Init:34	init mysql success...
2022-10-12T09:12:01.866+0800	[34mINFO[0m	github.com/xjian2021/bluebell/dao/redis.Init:24	redis init success...
2022-10-12T09:12:01.866+0800	[34mINFO[0m	main.main:58	hello world!
2022-10-12T09:12:19.383+0800	[34mINFO[0m	github.com/xjian2021/bluebell/logger.Init:79	logger init success...
2022-10-12T09:12:19.440+0800	[34mINFO[0m	github.com/xjian2021/bluebell/dao/mysql.Init:34	init mysql success...
2022-10-12T09:12:19.463+0800	[34mINFO[0m	github.com/xjian2021/bluebell/dao/redis.Init:24	redis init success...
2022-10-12T09:12:19.464+0800	[34mINFO[0m	main.main:58	hello world!
2022-10-12T09:14:27.426+0800	[34mINFO[0m	github.com/xjian2021/bluebell/logger.Init:79	logger init success...
2022-10-12T09:14:27.477+0800	[34mINFO[0m	github.com/xjian2021/bluebell/dao/mysql.Init:34	init mysql success...
2022-10-12T09:14:27.494+0800	[34mINFO[0m	github.com/xjian2021/bluebell/dao/redis.Init:24	redis init success...
2022-10-12T09:14:27.495+0800	[34mINFO[0m	main.main:58	hello world!
2022-10-12T09:14:33.033+0800	[34mINFO[0m	github.com/xjian2021/bluebell/logger.Init:79	logger init success...
2022-10-12T09:14:33.146+0800	[34mINFO[0m	github.com/xjian2021/bluebell/dao/mysql.Init:34	init mysql success...
2022-10-12T09:14:33.180+0800	[34mINFO[0m	github.com/xjian2021/bluebell/dao/redis.Init:24	redis init success...
2022-10-12T09:14:33.180+0800	[34mINFO[0m	main.main:58	hello world!
2022-10-12T09:16:11.156+0800	[34mINFO[0m	github.com/xjian2021/bluebell/logger.Init:79	logger init success...
2022-10-12T09:16:11.238+0800	[34mINFO[0m	github.com/xjian2021/bluebell/dao/mysql.Init:34	init mysql success...
2022-10-12T09:16:11.262+0800	[34mINFO[0m	github.com/xjian2021/bluebell/dao/redis.Init:24	redis init success...
2022-10-12T09:16:11.266+0800	[34mINFO[0m	main.main:58	hello world!
2022-10-12T09:48:33.512+0800	[34mINFO[0m	github.com/xjian2021/bluebell/logger.Init:79	logger init success...
2022-10-12T09:48:33.556+0800	[34mINFO[0m	github.com/xjian2021/bluebell/dao/mysql.Init:34	init mysql success...
2022-10-12T09:48:33.572+0800	[34mINFO[0m	github.com/xjian2021/bluebell/dao/redis.Init:24	redis init success...
2022-10-12T09:48:33.572+0800	[34mINFO[0m	main.main:58	hello world!
2022-10-12T09:48:40.262+0800	[34mINFO[0m	github.com/xjian2021/bluebell/logger.Init:79	logger init success...
2022-10-12T09:48:40.342+0800	[34mINFO[0m	github.com/xjian2021/bluebell/dao/mysql.Init:34	init mysql success...
2022-10-12T09:48:40.360+0800	[34mINFO[0m	github.com/xjian2021/bluebell/dao/redis.Init:24	redis init success...
2022-10-12T09:48:40.360+0800	[34mINFO[0m	main.main:58	hello world!
2022-10-12T09:48:59.970+0800	[34mINFO[0m	github.com/xjian2021/bluebell/logger.Init:79	logger init success...
2022-10-12T09:49:00.045+0800	[34mINFO[0m	github.com/xjian2021/bluebell/dao/mysql.Init:34	init mysql success...
2022-10-12T09:49:00.076+0800	[34mINFO[0m	github.com/xjian2021/bluebell/dao/redis.Init:24	redis init success...
2022-10-12T09:49:00.078+0800	[34mINFO[0m	main.main:58	hello world!
2022-10-12T09:49:15.915+0800	[34mINFO[0m	github.com/xjian2021/bluebell/logger.Init:79	logger init success...
2022-10-12T09:49:15.967+0800	[34mINFO[0m	github.com/xjian2021/bluebell/dao/mysql.Init:34	init mysql success...
2022-10-12T09:49:15.982+0800	[34mINFO[0m	github.com/xjian2021/bluebell/dao/redis.Init:24	redis init success...
2022-10-12T09:49:15.985+0800	[34mINFO[0m	main.main:58	hello world!
2022-10-12T09:49:22.966+0800	[34mINFO[0m	github.com/xjian2021/bluebell/logger.Init:79	logger init success...
2022-10-12T09:49:23.025+0800	[34mINFO[0m	github.com/xjian2021/bluebell/dao/mysql.Init:34	init mysql success...
2022-10-12T09:49:23.060+0800	[34mINFO[0m	github.com/xjian2021/bluebell/dao/redis.Init:24	redis init success...
2022-10-12T09:49:23.061+0800	[34mINFO[0m	main.main:58	hello world!
2022-10-12T09:49:27.232+0800	[34mINFO[0m	github.com/xjian2021/bluebell/logger.Init:79	logger init success...
2022-10-12T09:49:27.310+0800	[34mINFO[0m	github.com/xjian2021/bluebell/dao/mysql.Init:34	init mysql success...
2022-10-12T09:49:27.342+0800	[34mINFO[0m	github.com/xjian2021/bluebell/dao/redis.Init:24	redis init success...
2022-10-12T09:49:27.346+0800	[34mINFO[0m	main.main:58	hello world!
2022-10-12T09:50:44.954+0800	[34mINFO[0m	github.com/xjian2021/bluebell/logger.GinLogger.func1:134	/api/v1/posts2	{"status": 200, "method": "GET", "path": "/api/v1/posts2", "query": "page=1&order=time", "ip": "127.0.0.1", "user-agent": "Mozilla/5.0 (Windows NT 10.0; Win64; x64) AppleWebKit/537.36 (KHTML, like Gecko) Chrome/106.0.0.0 Safari/537.36 Edg/106.0.1370.37", "errors": "", "cost": "25.8Âµs"}
2022-10-12T09:50:57.308+0800	[35mDEBUG[0m	github.com/xjian2021/bluebell/controller.LoginHandler:34	/api/v1/login::2 -> LoginInput:&{Username:zpj Password:123456}
2022-10-12T09:50:57.333+0800	[34mINFO[0m	github.com/xjian2021/bluebell/logger.GinLogger.func1:134	/api/v1/login	{"status": 200, "method": "POST", "path": "/api/v1/login", "query": "", "ip": "127.0.0.1", "user-agent": "Mozilla/5.0 (Windows NT 10.0; Win64; x64) AppleWebKit/537.36 (KHTML, like Gecko) Chrome/106.0.0.0 Safari/537.36 Edg/106.0.1370.37", "errors": "", "cost": "25.3431ms"}
2022-10-12T09:50:57.683+0800	[34mINFO[0m	github.com/xjian2021/bluebell/logger.GinLogger.func1:134	/api/v1/posts2	{"status": 200, "method": "GET", "path": "/api/v1/posts2", "query": "page=1&order=time", "ip": "127.0.0.1", "user-agent": "Mozilla/5.0 (Windows NT 10.0; Win64; x64) AppleWebKit/537.36 (KHTML, like Gecko) Chrome/106.0.0.0 Safari/537.36 Edg/106.0.1370.37", "errors": "", "cost": "24.7Âµs"}
2022-10-12T09:51:02.787+0800	[34mINFO[0m	github.com/xjian2021/bluebell/logger.GinLogger.func1:134	/api/v1/posts2	{"status": 200, "method": "GET", "path": "/api/v1/posts2", "query": "page=1&order=score", "ip": "127.0.0.1", "user-agent": "Mozilla/5.0 (Windows NT 10.0; Win64; x64) AppleWebKit/537.36 (KHTML, like Gecko) Chrome/106.0.0.0 Safari/537.36 Edg/106.0.1370.37", "errors": "", "cost": "25.6Âµs"}
2022-10-12T09:51:03.552+0800	[34mINFO[0m	github.com/xjian2021/bluebell/logger.GinLogger.func1:134	/api/v1/posts2	{"status": 200, "method": "GET", "path": "/api/v1/posts2", "query": "page=1&order=time", "ip": "127.0.0.1", "user-agent": "Mozilla/5.0 (Windows NT 10.0; Win64; x64) AppleWebKit/537.36 (KHTML, like Gecko) Chrome/106.0.0.0 Safari/537.36 Edg/106.0.1370.37", "errors": "", "cost": "60.2Âµs"}
2022-10-12T09:51:03.826+0800	[34mINFO[0m	github.com/xjian2021/bluebell/logger.GinLogger.func1:134	/api/v1/posts2	{"status": 200, "method": "GET", "path": "/api/v1/posts2", "query": "page=1&order=score", "ip": "127.0.0.1", "user-agent": "Mozilla/5.0 (Windows NT 10.0; Win64; x64) AppleWebKit/537.36 (KHTML, like Gecko) Chrome/106.0.0.0 Safari/537.36 Edg/106.0.1370.37", "errors": "", "cost": "26.7Âµs"}
2022-10-12T09:51:04.470+0800	[34mINFO[0m	github.com/xjian2021/bluebell/logger.GinLogger.func1:134	/api/v1/posts2	{"status": 200, "method": "GET", "path": "/api/v1/posts2", "query": "page=1&order=time", "ip": "127.0.0.1", "user-agent": "Mozilla/5.0 (Windows NT 10.0; Win64; x64) AppleWebKit/537.36 (KHTML, like Gecko) Chrome/106.0.0.0 Safari/537.36 Edg/106.0.1370.37", "errors": "", "cost": "55.5Âµs"}
2022-10-12T09:52:43.971+0800	[34mINFO[0m	github.com/xjian2021/bluebell/logger.GinLogger.func1:134	/api/v1/posts2	{"status": 200, "method": "GET", "path": "/api/v1/posts2", "query": "page=1&order=time", "ip": "127.0.0.1", "user-agent": "Mozilla/5.0 (Windows NT 10.0; Win64; x64) AppleWebKit/537.36 (KHTML, like Gecko) Chrome/106.0.0.0 Safari/537.36 Edg/106.0.1370.37", "errors": "", "cost": "32.9Âµs"}
2022-10-12T09:52:46.159+0800	[35mDEBUG[0m	github.com/xjian2021/bluebell/middlewares.JwtAuth.func1:29	/api/v1/community::9 -> Authorization token:Bearer eyJhbGciOiJIUzI1NiIsInR5cCI6IkpXVCJ9.eyJ1c2VyX2lkIjoxNzAwODQ2MTI3NTUwNDY0LCJ1c2VybmFtZSI6InpwaiIsImV4cCI6MTY2NTU0NjY1NywiaXNzIjoiYmx1ZWJlbGwifQ.ece0A9LHu15G9wRSMcNcKPp9NvuyA-PYzy5O9pgejbc
2022-10-12T09:52:46.159+0800	[35mDEBUG[0m	github.com/xjian2021/bluebell/controller.CommunityHandler:12	/api/v1/community::9 -> LoginInput
2022-10-12T09:52:46.172+0800	[34mINFO[0m	github.com/xjian2021/bluebell/logger.GinLogger.func1:134	/api/v1/community	{"status": 200, "method": "GET", "path": "/api/v1/community", "query": "", "ip": "127.0.0.1", "user-agent": "Mozilla/5.0 (Windows NT 10.0; Win64; x64) AppleWebKit/537.36 (KHTML, like Gecko) Chrome/106.0.0.0 Safari/537.36 Edg/106.0.1370.37", "errors": "", "cost": "12.9579ms"}
2022-10-12T09:55:26.850+0800	[34mINFO[0m	github.com/xjian2021/bluebell/logger.Init:79	logger init success...
2022-10-12T09:55:26.898+0800	[34mINFO[0m	github.com/xjian2021/bluebell/dao/mysql.Init:34	init mysql success...
2022-10-12T09:55:26.933+0800	[34mINFO[0m	github.com/xjian2021/bluebell/dao/redis.Init:24	redis init success...
2022-10-12T09:55:26.934+0800	[34mINFO[0m	main.main:58	hello world!
2022-10-12T09:55:33.032+0800	[35mDEBUG[0m	github.com/xjian2021/bluebell/middlewares.JwtAuth.func1:29	/api/v1/community::1 -> Authorization token:Bearer eyJhbGciOiJIUzI1NiIsInR5cCI6IkpXVCJ9.eyJ1c2VyX2lkIjoxNzAwODQ2MTI3NTUwNDY0LCJ1c2VybmFtZSI6InpwaiIsImV4cCI6MTY2NTU0NjY1NywiaXNzIjoiYmx1ZWJlbGwifQ.ece0A9LHu15G9wRSMcNcKPp9NvuyA-PYzy5O9pgejbc
2022-10-12T09:55:33.032+0800	[35mDEBUG[0m	github.com/xjian2021/bluebell/controller.CommunityHandler:12	/api/v1/community::1 -> LoginInput
2022-10-12T09:55:33.041+0800	[34mINFO[0m	github.com/xjian2021/bluebell/logger.GinLogger.func1:134	/api/v1/community	{"status": 200, "method": "GET", "path": "/api/v1/community", "query": "", "ip": "127.0.0.1", "user-agent": "Mozilla/5.0 (Windows NT 10.0; Win64; x64) AppleWebKit/537.36 (KHTML, like Gecko) Chrome/106.0.0.0 Safari/537.36 Edg/106.0.1370.37", "errors": "", "cost": "9.1023ms"}
